<?xml version="1.0" encoding="UTF-8"?>
<testsuite xmlns:xsi="http://www.w3.org/2001/XMLSchema-instance" xsi:noNamespaceSchemaLocation="https://maven.apache.org/surefire/maven-surefire-plugin/xsd/surefire-test-report-3.0.xsd" version="3.0" name="com.estapar.parking.repository.ParkingSpotRepositoryTest" time="0.41" tests="6" errors="0" skipped="0" failures="0">
  <properties>
    <property name="java.specification.version" value="21"/>
    <property name="sun.cpu.isalist" value="amd64"/>
    <property name="sun.jnu.encoding" value="Cp1252"/>
    <property name="java.class.path" value="C:\Users\actdigital\git\Estapar\target\test-classes;C:\Users\actdigital\git\Estapar\target\classes;C:\Users\actdigital\.m2\repository\org\springframework\boot\spring-boot-starter-web\3.2.3\spring-boot-starter-web-3.2.3.jar;C:\Users\actdigital\.m2\repository\org\springframework\boot\spring-boot-starter\3.2.3\spring-boot-starter-3.2.3.jar;C:\Users\actdigital\.m2\repository\org\springframework\boot\spring-boot\3.2.3\spring-boot-3.2.3.jar;C:\Users\actdigital\.m2\repository\org\springframework\boot\spring-boot-autoconfigure\3.2.3\spring-boot-autoconfigure-3.2.3.jar;C:\Users\actdigital\.m2\repository\org\springframework\boot\spring-boot-starter-logging\3.2.3\spring-boot-starter-logging-3.2.3.jar;C:\Users\actdigital\.m2\repository\ch\qos\logback\logback-classic\1.4.14\logback-classic-1.4.14.jar;C:\Users\actdigital\.m2\repository\ch\qos\logback\logback-core\1.4.14\logback-core-1.4.14.jar;C:\Users\actdigital\.m2\repository\org\apache\logging\log4j\log4j-to-slf4j\2.21.1\log4j-to-slf4j-2.21.1.jar;C:\Users\actdigital\.m2\repository\org\apache\logging\log4j\log4j-api\2.21.1\log4j-api-2.21.1.jar;C:\Users\actdigital\.m2\repository\org\slf4j\jul-to-slf4j\2.0.12\jul-to-slf4j-2.0.12.jar;C:\Users\actdigital\.m2\repository\jakarta\annotation\jakarta.annotation-api\2.1.1\jakarta.annotation-api-2.1.1.jar;C:\Users\actdigital\.m2\repository\org\yaml\snakeyaml\2.2\snakeyaml-2.2.jar;C:\Users\actdigital\.m2\repository\org\springframework\boot\spring-boot-starter-json\3.2.3\spring-boot-starter-json-3.2.3.jar;C:\Users\actdigital\.m2\repository\com\fasterxml\jackson\core\jackson-databind\2.15.4\jackson-databind-2.15.4.jar;C:\Users\actdigital\.m2\repository\com\fasterxml\jackson\core\jackson-annotations\2.15.4\jackson-annotations-2.15.4.jar;C:\Users\actdigital\.m2\repository\com\fasterxml\jackson\core\jackson-core\2.15.4\jackson-core-2.15.4.jar;C:\Users\actdigital\.m2\repository\com\fasterxml\jackson\datatype\jackson-datatype-jdk8\2.15.4\jackson-datatype-jdk8-2.15.4.jar;C:\Users\actdigital\.m2\repository\com\fasterxml\jackson\datatype\jackson-datatype-jsr310\2.15.4\jackson-datatype-jsr310-2.15.4.jar;C:\Users\actdigital\.m2\repository\com\fasterxml\jackson\module\jackson-module-parameter-names\2.15.4\jackson-module-parameter-names-2.15.4.jar;C:\Users\actdigital\.m2\repository\org\springframework\boot\spring-boot-starter-tomcat\3.2.3\spring-boot-starter-tomcat-3.2.3.jar;C:\Users\actdigital\.m2\repository\org\apache\tomcat\embed\tomcat-embed-core\10.1.19\tomcat-embed-core-10.1.19.jar;C:\Users\actdigital\.m2\repository\org\apache\tomcat\embed\tomcat-embed-websocket\10.1.19\tomcat-embed-websocket-10.1.19.jar;C:\Users\actdigital\.m2\repository\org\springframework\spring-web\6.1.4\spring-web-6.1.4.jar;C:\Users\actdigital\.m2\repository\org\springframework\spring-beans\6.1.4\spring-beans-6.1.4.jar;C:\Users\actdigital\.m2\repository\org\springframework\spring-webmvc\6.1.4\spring-webmvc-6.1.4.jar;C:\Users\actdigital\.m2\repository\org\springframework\spring-context\6.1.4\spring-context-6.1.4.jar;C:\Users\actdigital\.m2\repository\org\springframework\spring-expression\6.1.4\spring-expression-6.1.4.jar;C:\Users\actdigital\.m2\repository\org\springframework\boot\spring-boot-starter-data-jpa\3.2.3\spring-boot-starter-data-jpa-3.2.3.jar;C:\Users\actdigital\.m2\repository\org\springframework\boot\spring-boot-starter-aop\3.2.3\spring-boot-starter-aop-3.2.3.jar;C:\Users\actdigital\.m2\repository\org\aspectj\aspectjweaver\1.9.21\aspectjweaver-1.9.21.jar;C:\Users\actdigital\.m2\repository\org\springframework\boot\spring-boot-starter-jdbc\3.2.3\spring-boot-starter-jdbc-3.2.3.jar;C:\Users\actdigital\.m2\repository\com\zaxxer\HikariCP\5.0.1\HikariCP-5.0.1.jar;C:\Users\actdigital\.m2\repository\org\springframework\spring-jdbc\6.1.4\spring-jdbc-6.1.4.jar;C:\Users\actdigital\.m2\repository\org\hibernate\orm\hibernate-core\6.4.4.Final\hibernate-core-6.4.4.Final.jar;C:\Users\actdigital\.m2\repository\jakarta\persistence\jakarta.persistence-api\3.1.0\jakarta.persistence-api-3.1.0.jar;C:\Users\actdigital\.m2\repository\jakarta\transaction\jakarta.transaction-api\2.0.1\jakarta.transaction-api-2.0.1.jar;C:\Users\actdigital\.m2\repository\org\jboss\logging\jboss-logging\3.5.3.Final\jboss-logging-3.5.3.Final.jar;C:\Users\actdigital\.m2\repository\org\hibernate\common\hibernate-commons-annotations\6.0.6.Final\hibernate-commons-annotations-6.0.6.Final.jar;C:\Users\actdigital\.m2\repository\io\smallrye\jandex\3.1.2\jandex-3.1.2.jar;C:\Users\actdigital\.m2\repository\com\fasterxml\classmate\1.6.0\classmate-1.6.0.jar;C:\Users\actdigital\.m2\repository\net\bytebuddy\byte-buddy\1.14.12\byte-buddy-1.14.12.jar;C:\Users\actdigital\.m2\repository\org\glassfish\jaxb\jaxb-runtime\4.0.4\jaxb-runtime-4.0.4.jar;C:\Users\actdigital\.m2\repository\org\glassfish\jaxb\jaxb-core\4.0.4\jaxb-core-4.0.4.jar;C:\Users\actdigital\.m2\repository\org\eclipse\angus\angus-activation\2.0.1\angus-activation-2.0.1.jar;C:\Users\actdigital\.m2\repository\org\glassfish\jaxb\txw2\4.0.4\txw2-4.0.4.jar;C:\Users\actdigital\.m2\repository\com\sun\istack\istack-commons-runtime\4.1.2\istack-commons-runtime-4.1.2.jar;C:\Users\actdigital\.m2\repository\jakarta\inject\jakarta.inject-api\2.0.1\jakarta.inject-api-2.0.1.jar;C:\Users\actdigital\.m2\repository\org\antlr\antlr4-runtime\4.13.0\antlr4-runtime-4.13.0.jar;C:\Users\actdigital\.m2\repository\org\springframework\data\spring-data-jpa\3.2.3\spring-data-jpa-3.2.3.jar;C:\Users\actdigital\.m2\repository\org\springframework\data\spring-data-commons\3.2.3\spring-data-commons-3.2.3.jar;C:\Users\actdigital\.m2\repository\org\springframework\spring-orm\6.1.4\spring-orm-6.1.4.jar;C:\Users\actdigital\.m2\repository\org\springframework\spring-tx\6.1.4\spring-tx-6.1.4.jar;C:\Users\actdigital\.m2\repository\org\slf4j\slf4j-api\2.0.12\slf4j-api-2.0.12.jar;C:\Users\actdigital\.m2\repository\org\springframework\spring-aspects\6.1.4\spring-aspects-6.1.4.jar;C:\Users\actdigital\.m2\repository\org\springframework\boot\spring-boot-starter-validation\3.2.3\spring-boot-starter-validation-3.2.3.jar;C:\Users\actdigital\.m2\repository\org\apache\tomcat\embed\tomcat-embed-el\10.1.19\tomcat-embed-el-10.1.19.jar;C:\Users\actdigital\.m2\repository\org\hibernate\validator\hibernate-validator\8.0.1.Final\hibernate-validator-8.0.1.Final.jar;C:\Users\actdigital\.m2\repository\jakarta\validation\jakarta.validation-api\3.0.2\jakarta.validation-api-3.0.2.jar;C:\Users\actdigital\.m2\repository\org\springframework\boot\spring-boot-starter-security\3.2.3\spring-boot-starter-security-3.2.3.jar;C:\Users\actdigital\.m2\repository\org\springframework\spring-aop\6.1.4\spring-aop-6.1.4.jar;C:\Users\actdigital\.m2\repository\org\springframework\security\spring-security-config\6.2.2\spring-security-config-6.2.2.jar;C:\Users\actdigital\.m2\repository\org\springframework\security\spring-security-core\6.2.2\spring-security-core-6.2.2.jar;C:\Users\actdigital\.m2\repository\org\springframework\security\spring-security-crypto\6.2.2\spring-security-crypto-6.2.2.jar;C:\Users\actdigital\.m2\repository\org\springframework\security\spring-security-web\6.2.2\spring-security-web-6.2.2.jar;C:\Users\actdigital\.m2\repository\org\springframework\boot\spring-boot-starter-actuator\3.2.3\spring-boot-starter-actuator-3.2.3.jar;C:\Users\actdigital\.m2\repository\org\springframework\boot\spring-boot-actuator-autoconfigure\3.2.3\spring-boot-actuator-autoconfigure-3.2.3.jar;C:\Users\actdigital\.m2\repository\org\springframework\boot\spring-boot-actuator\3.2.3\spring-boot-actuator-3.2.3.jar;C:\Users\actdigital\.m2\repository\io\micrometer\micrometer-observation\1.12.3\micrometer-observation-1.12.3.jar;C:\Users\actdigital\.m2\repository\io\micrometer\micrometer-commons\1.12.3\micrometer-commons-1.12.3.jar;C:\Users\actdigital\.m2\repository\io\micrometer\micrometer-jakarta9\1.12.3\micrometer-jakarta9-1.12.3.jar;C:\Users\actdigital\.m2\repository\io\micrometer\micrometer-core\1.12.3\micrometer-core-1.12.3.jar;C:\Users\actdigital\.m2\repository\org\hdrhistogram\HdrHistogram\2.1.12\HdrHistogram-2.1.12.jar;C:\Users\actdigital\.m2\repository\org\latencyutils\LatencyUtils\2.0.3\LatencyUtils-2.0.3.jar;C:\Users\actdigital\.m2\repository\org\postgresql\postgresql\42.6.1\postgresql-42.6.1.jar;C:\Users\actdigital\.m2\repository\org\checkerframework\checker-qual\3.31.0\checker-qual-3.31.0.jar;C:\Users\actdigital\.m2\repository\org\springdoc\springdoc-openapi-starter-webmvc-ui\2.3.0\springdoc-openapi-starter-webmvc-ui-2.3.0.jar;C:\Users\actdigital\.m2\repository\org\springdoc\springdoc-openapi-starter-webmvc-api\2.3.0\springdoc-openapi-starter-webmvc-api-2.3.0.jar;C:\Users\actdigital\.m2\repository\org\springdoc\springdoc-openapi-starter-common\2.3.0\springdoc-openapi-starter-common-2.3.0.jar;C:\Users\actdigital\.m2\repository\io\swagger\core\v3\swagger-core-jakarta\2.2.19\swagger-core-jakarta-2.2.19.jar;C:\Users\actdigital\.m2\repository\io\swagger\core\v3\swagger-annotations-jakarta\2.2.19\swagger-annotations-jakarta-2.2.19.jar;C:\Users\actdigital\.m2\repository\io\swagger\core\v3\swagger-models-jakarta\2.2.19\swagger-models-jakarta-2.2.19.jar;C:\Users\actdigital\.m2\repository\com\fasterxml\jackson\dataformat\jackson-dataformat-yaml\2.15.4\jackson-dataformat-yaml-2.15.4.jar;C:\Users\actdigital\.m2\repository\org\webjars\swagger-ui\5.10.3\swagger-ui-5.10.3.jar;C:\Users\actdigital\.m2\repository\org\projectlombok\lombok\1.18.30\lombok-1.18.30.jar;C:\Users\actdigital\.m2\repository\org\springframework\boot\spring-boot-starter-test\3.2.3\spring-boot-starter-test-3.2.3.jar;C:\Users\actdigital\.m2\repository\org\springframework\boot\spring-boot-test\3.2.3\spring-boot-test-3.2.3.jar;C:\Users\actdigital\.m2\repository\org\springframework\boot\spring-boot-test-autoconfigure\3.2.3\spring-boot-test-autoconfigure-3.2.3.jar;C:\Users\actdigital\.m2\repository\com\jayway\jsonpath\json-path\2.9.0\json-path-2.9.0.jar;C:\Users\actdigital\.m2\repository\jakarta\xml\bind\jakarta.xml.bind-api\4.0.1\jakarta.xml.bind-api-4.0.1.jar;C:\Users\actdigital\.m2\repository\jakarta\activation\jakarta.activation-api\2.1.2\jakarta.activation-api-2.1.2.jar;C:\Users\actdigital\.m2\repository\net\minidev\json-smart\2.5.0\json-smart-2.5.0.jar;C:\Users\actdigital\.m2\repository\net\minidev\accessors-smart\2.5.0\accessors-smart-2.5.0.jar;C:\Users\actdigital\.m2\repository\org\ow2\asm\asm\9.3\asm-9.3.jar;C:\Users\actdigital\.m2\repository\org\assertj\assertj-core\3.24.2\assertj-core-3.24.2.jar;C:\Users\actdigital\.m2\repository\org\awaitility\awaitility\4.2.0\awaitility-4.2.0.jar;C:\Users\actdigital\.m2\repository\org\hamcrest\hamcrest\2.2\hamcrest-2.2.jar;C:\Users\actdigital\.m2\repository\org\junit\jupiter\junit-jupiter\5.10.2\junit-jupiter-5.10.2.jar;C:\Users\actdigital\.m2\repository\org\junit\jupiter\junit-jupiter-api\5.10.2\junit-jupiter-api-5.10.2.jar;C:\Users\actdigital\.m2\repository\org\junit\jupiter\junit-jupiter-params\5.10.2\junit-jupiter-params-5.10.2.jar;C:\Users\actdigital\.m2\repository\org\junit\jupiter\junit-jupiter-engine\5.10.2\junit-jupiter-engine-5.10.2.jar;C:\Users\actdigital\.m2\repository\org\mockito\mockito-core\5.7.0\mockito-core-5.7.0.jar;C:\Users\actdigital\.m2\repository\net\bytebuddy\byte-buddy-agent\1.14.12\byte-buddy-agent-1.14.12.jar;C:\Users\actdigital\.m2\repository\org\objenesis\objenesis\3.3\objenesis-3.3.jar;C:\Users\actdigital\.m2\repository\org\mockito\mockito-junit-jupiter\5.7.0\mockito-junit-jupiter-5.7.0.jar;C:\Users\actdigital\.m2\repository\org\skyscreamer\jsonassert\1.5.1\jsonassert-1.5.1.jar;C:\Users\actdigital\.m2\repository\com\vaadin\external\google\android-json\0.0.20131108.vaadin1\android-json-0.0.20131108.vaadin1.jar;C:\Users\actdigital\.m2\repository\org\springframework\spring-core\6.1.4\spring-core-6.1.4.jar;C:\Users\actdigital\.m2\repository\org\springframework\spring-jcl\6.1.4\spring-jcl-6.1.4.jar;C:\Users\actdigital\.m2\repository\org\springframework\spring-test\6.1.4\spring-test-6.1.4.jar;C:\Users\actdigital\.m2\repository\org\xmlunit\xmlunit-core\2.9.1\xmlunit-core-2.9.1.jar;C:\Users\actdigital\.m2\repository\io\cucumber\cucumber-java\7.15.0\cucumber-java-7.15.0.jar;C:\Users\actdigital\.m2\repository\io\cucumber\cucumber-core\7.15.0\cucumber-core-7.15.0.jar;C:\Users\actdigital\.m2\repository\io\cucumber\cucumber-gherkin\7.15.0\cucumber-gherkin-7.15.0.jar;C:\Users\actdigital\.m2\repository\io\cucumber\cucumber-gherkin-messages\7.15.0\cucumber-gherkin-messages-7.15.0.jar;C:\Users\actdigital\.m2\repository\io\cucumber\gherkin\26.2.0\gherkin-26.2.0.jar;C:\Users\actdigital\.m2\repository\io\cucumber\messages\22.0.0\messages-22.0.0.jar;C:\Users\actdigital\.m2\repository\io\cucumber\tag-expressions\6.0.0\tag-expressions-6.0.0.jar;C:\Users\actdigital\.m2\repository\io\cucumber\cucumber-expressions\17.0.1\cucumber-expressions-17.0.1.jar;C:\Users\actdigital\.m2\repository\io\cucumber\datatable\7.15.0\datatable-7.15.0.jar;C:\Users\actdigital\.m2\repository\io\cucumber\cucumber-plugin\7.15.0\cucumber-plugin-7.15.0.jar;C:\Users\actdigital\.m2\repository\io\cucumber\docstring\7.15.0\docstring-7.15.0.jar;C:\Users\actdigital\.m2\repository\io\cucumber\html-formatter\20.4.0\html-formatter-20.4.0.jar;C:\Users\actdigital\.m2\repository\io\cucumber\junit-xml-formatter\0.2.0\junit-xml-formatter-0.2.0.jar;C:\Users\actdigital\.m2\repository\io\cucumber\ci-environment\10.0.0\ci-environment-10.0.0.jar;C:\Users\actdigital\.m2\repository\org\apiguardian\apiguardian-api\1.1.2\apiguardian-api-1.1.2.jar;C:\Users\actdigital\.m2\repository\io\cucumber\cucumber-junit\7.15.0\cucumber-junit-7.15.0.jar;C:\Users\actdigital\.m2\repository\junit\junit\4.13.2\junit-4.13.2.jar;C:\Users\actdigital\.m2\repository\org\hamcrest\hamcrest-core\2.2\hamcrest-core-2.2.jar;C:\Users\actdigital\.m2\repository\io\cucumber\cucumber-spring\7.15.0\cucumber-spring-7.15.0.jar;C:\Users\actdigital\.m2\repository\io\cucumber\cucumber-junit-platform-engine\7.15.0\cucumber-junit-platform-engine-7.15.0.jar;C:\Users\actdigital\.m2\repository\org\junit\platform\junit-platform-engine\1.10.2\junit-platform-engine-1.10.2.jar;C:\Users\actdigital\.m2\repository\org\opentest4j\opentest4j\1.3.0\opentest4j-1.3.0.jar;C:\Users\actdigital\.m2\repository\org\junit\platform\junit-platform-suite\1.10.1\junit-platform-suite-1.10.1.jar;C:\Users\actdigital\.m2\repository\org\junit\platform\junit-platform-suite-api\1.10.1\junit-platform-suite-api-1.10.1.jar;C:\Users\actdigital\.m2\repository\org\junit\platform\junit-platform-commons\1.10.2\junit-platform-commons-1.10.2.jar;C:\Users\actdigital\.m2\repository\org\junit\platform\junit-platform-suite-engine\1.10.1\junit-platform-suite-engine-1.10.1.jar;C:\Users\actdigital\.m2\repository\org\junit\platform\junit-platform-suite-commons\1.10.2\junit-platform-suite-commons-1.10.2.jar;C:\Users\actdigital\.m2\repository\org\junit\platform\junit-platform-launcher\1.10.2\junit-platform-launcher-1.10.2.jar;C:\Users\actdigital\.m2\repository\net\masterthought\maven-cucumber-reporting\5.7.7\maven-cucumber-reporting-5.7.7.jar;C:\Users\actdigital\.m2\repository\commons-collections\commons-collections\3.2.2\commons-collections-3.2.2.jar;C:\Users\actdigital\.m2\repository\net\masterthought\cucumber-reporting\5.7.7\cucumber-reporting-5.7.7.jar;C:\Users\actdigital\.m2\repository\org\apache\velocity\velocity-engine-core\2.3\velocity-engine-core-2.3.jar;C:\Users\actdigital\.m2\repository\joda-time\joda-time\2.12.5\joda-time-2.12.5.jar;C:\Users\actdigital\.m2\repository\org\apache\commons\commons-lang3\3.13.0\commons-lang3-3.13.0.jar;C:\Users\actdigital\.m2\repository\commons-io\commons-io\2.7\commons-io-2.7.jar;C:\Users\actdigital\.m2\repository\org\codehaus\plexus\plexus-utils\3.5.1\plexus-utils-3.5.1.jar;C:\Users\actdigital\.m2\repository\org\jsoup\jsoup\1.16.1\jsoup-1.16.1.jar;C:\Users\actdigital\.m2\repository\com\googlecode\owasp-java-html-sanitizer\owasp-java-html-sanitizer\20220608.1\owasp-java-html-sanitizer-20220608.1.jar;C:\Users\actdigital\.m2\repository\com\google\guava\guava\30.1-jre\guava-30.1-jre.jar;C:\Users\actdigital\.m2\repository\com\google\guava\failureaccess\1.0.1\failureaccess-1.0.1.jar;C:\Users\actdigital\.m2\repository\com\google\guava\listenablefuture\9999.0-empty-to-avoid-conflict-with-guava\listenablefuture-9999.0-empty-to-avoid-conflict-with-guava.jar;C:\Users\actdigital\.m2\repository\com\google\code\findbugs\jsr305\3.0.2\jsr305-3.0.2.jar;C:\Users\actdigital\.m2\repository\com\google\errorprone\error_prone_annotations\2.3.4\error_prone_annotations-2.3.4.jar;C:\Users\actdigital\.m2\repository\com\google\j2objc\j2objc-annotations\1.3\j2objc-annotations-1.3.jar;C:\Users\actdigital\.m2\repository\commons-configuration\commons-configuration\1.10\commons-configuration-1.10.jar;C:\Users\actdigital\.m2\repository\commons-lang\commons-lang\2.6\commons-lang-2.6.jar;C:\Users\actdigital\.m2\repository\commons-logging\commons-logging\1.1.1\commons-logging-1.1.1.jar;C:\Users\actdigital\.m2\repository\com\h2database\h2\2.2.224\h2-2.2.224.jar;"/>
    <property name="java.vm.vendor" value="Oracle Corporation"/>
    <property name="sun.arch.data.model" value="64"/>
    <property name="user.variant" value=""/>
    <property name="java.vendor.url" value="https://java.oracle.com/"/>
    <property name="user.timezone" value="America/Sao_Paulo"/>
    <property name="org.jboss.logging.provider" value="slf4j"/>
    <property name="os.name" value="Windows 11"/>
    <property name="java.vm.specification.version" value="21"/>
    <property name="sun.java.launcher" value="SUN_STANDARD"/>
    <property name="user.country" value="BR"/>
    <property name="sun.boot.library.path" value="C:\Program Files\Java\jdk-21\bin"/>
    <property name="sun.java.command" value="C:\Users\actdigital\AppData\Local\Temp\surefire1810115888003043885\surefirebooter-20250529150113948_3.jar C:\Users\actdigital\AppData\Local\Temp\surefire1810115888003043885 2025-05-29T15-01-13_576-jvmRun1 surefire-20250529150113948_1tmp surefire_0-20250529150113948_2tmp"/>
    <property name="jdk.debug" value="release"/>
    <property name="surefire.test.class.path" value="C:\Users\actdigital\git\Estapar\target\test-classes;C:\Users\actdigital\git\Estapar\target\classes;C:\Users\actdigital\.m2\repository\org\springframework\boot\spring-boot-starter-web\3.2.3\spring-boot-starter-web-3.2.3.jar;C:\Users\actdigital\.m2\repository\org\springframework\boot\spring-boot-starter\3.2.3\spring-boot-starter-3.2.3.jar;C:\Users\actdigital\.m2\repository\org\springframework\boot\spring-boot\3.2.3\spring-boot-3.2.3.jar;C:\Users\actdigital\.m2\repository\org\springframework\boot\spring-boot-autoconfigure\3.2.3\spring-boot-autoconfigure-3.2.3.jar;C:\Users\actdigital\.m2\repository\org\springframework\boot\spring-boot-starter-logging\3.2.3\spring-boot-starter-logging-3.2.3.jar;C:\Users\actdigital\.m2\repository\ch\qos\logback\logback-classic\1.4.14\logback-classic-1.4.14.jar;C:\Users\actdigital\.m2\repository\ch\qos\logback\logback-core\1.4.14\logback-core-1.4.14.jar;C:\Users\actdigital\.m2\repository\org\apache\logging\log4j\log4j-to-slf4j\2.21.1\log4j-to-slf4j-2.21.1.jar;C:\Users\actdigital\.m2\repository\org\apache\logging\log4j\log4j-api\2.21.1\log4j-api-2.21.1.jar;C:\Users\actdigital\.m2\repository\org\slf4j\jul-to-slf4j\2.0.12\jul-to-slf4j-2.0.12.jar;C:\Users\actdigital\.m2\repository\jakarta\annotation\jakarta.annotation-api\2.1.1\jakarta.annotation-api-2.1.1.jar;C:\Users\actdigital\.m2\repository\org\yaml\snakeyaml\2.2\snakeyaml-2.2.jar;C:\Users\actdigital\.m2\repository\org\springframework\boot\spring-boot-starter-json\3.2.3\spring-boot-starter-json-3.2.3.jar;C:\Users\actdigital\.m2\repository\com\fasterxml\jackson\core\jackson-databind\2.15.4\jackson-databind-2.15.4.jar;C:\Users\actdigital\.m2\repository\com\fasterxml\jackson\core\jackson-annotations\2.15.4\jackson-annotations-2.15.4.jar;C:\Users\actdigital\.m2\repository\com\fasterxml\jackson\core\jackson-core\2.15.4\jackson-core-2.15.4.jar;C:\Users\actdigital\.m2\repository\com\fasterxml\jackson\datatype\jackson-datatype-jdk8\2.15.4\jackson-datatype-jdk8-2.15.4.jar;C:\Users\actdigital\.m2\repository\com\fasterxml\jackson\datatype\jackson-datatype-jsr310\2.15.4\jackson-datatype-jsr310-2.15.4.jar;C:\Users\actdigital\.m2\repository\com\fasterxml\jackson\module\jackson-module-parameter-names\2.15.4\jackson-module-parameter-names-2.15.4.jar;C:\Users\actdigital\.m2\repository\org\springframework\boot\spring-boot-starter-tomcat\3.2.3\spring-boot-starter-tomcat-3.2.3.jar;C:\Users\actdigital\.m2\repository\org\apache\tomcat\embed\tomcat-embed-core\10.1.19\tomcat-embed-core-10.1.19.jar;C:\Users\actdigital\.m2\repository\org\apache\tomcat\embed\tomcat-embed-websocket\10.1.19\tomcat-embed-websocket-10.1.19.jar;C:\Users\actdigital\.m2\repository\org\springframework\spring-web\6.1.4\spring-web-6.1.4.jar;C:\Users\actdigital\.m2\repository\org\springframework\spring-beans\6.1.4\spring-beans-6.1.4.jar;C:\Users\actdigital\.m2\repository\org\springframework\spring-webmvc\6.1.4\spring-webmvc-6.1.4.jar;C:\Users\actdigital\.m2\repository\org\springframework\spring-context\6.1.4\spring-context-6.1.4.jar;C:\Users\actdigital\.m2\repository\org\springframework\spring-expression\6.1.4\spring-expression-6.1.4.jar;C:\Users\actdigital\.m2\repository\org\springframework\boot\spring-boot-starter-data-jpa\3.2.3\spring-boot-starter-data-jpa-3.2.3.jar;C:\Users\actdigital\.m2\repository\org\springframework\boot\spring-boot-starter-aop\3.2.3\spring-boot-starter-aop-3.2.3.jar;C:\Users\actdigital\.m2\repository\org\aspectj\aspectjweaver\1.9.21\aspectjweaver-1.9.21.jar;C:\Users\actdigital\.m2\repository\org\springframework\boot\spring-boot-starter-jdbc\3.2.3\spring-boot-starter-jdbc-3.2.3.jar;C:\Users\actdigital\.m2\repository\com\zaxxer\HikariCP\5.0.1\HikariCP-5.0.1.jar;C:\Users\actdigital\.m2\repository\org\springframework\spring-jdbc\6.1.4\spring-jdbc-6.1.4.jar;C:\Users\actdigital\.m2\repository\org\hibernate\orm\hibernate-core\6.4.4.Final\hibernate-core-6.4.4.Final.jar;C:\Users\actdigital\.m2\repository\jakarta\persistence\jakarta.persistence-api\3.1.0\jakarta.persistence-api-3.1.0.jar;C:\Users\actdigital\.m2\repository\jakarta\transaction\jakarta.transaction-api\2.0.1\jakarta.transaction-api-2.0.1.jar;C:\Users\actdigital\.m2\repository\org\jboss\logging\jboss-logging\3.5.3.Final\jboss-logging-3.5.3.Final.jar;C:\Users\actdigital\.m2\repository\org\hibernate\common\hibernate-commons-annotations\6.0.6.Final\hibernate-commons-annotations-6.0.6.Final.jar;C:\Users\actdigital\.m2\repository\io\smallrye\jandex\3.1.2\jandex-3.1.2.jar;C:\Users\actdigital\.m2\repository\com\fasterxml\classmate\1.6.0\classmate-1.6.0.jar;C:\Users\actdigital\.m2\repository\net\bytebuddy\byte-buddy\1.14.12\byte-buddy-1.14.12.jar;C:\Users\actdigital\.m2\repository\org\glassfish\jaxb\jaxb-runtime\4.0.4\jaxb-runtime-4.0.4.jar;C:\Users\actdigital\.m2\repository\org\glassfish\jaxb\jaxb-core\4.0.4\jaxb-core-4.0.4.jar;C:\Users\actdigital\.m2\repository\org\eclipse\angus\angus-activation\2.0.1\angus-activation-2.0.1.jar;C:\Users\actdigital\.m2\repository\org\glassfish\jaxb\txw2\4.0.4\txw2-4.0.4.jar;C:\Users\actdigital\.m2\repository\com\sun\istack\istack-commons-runtime\4.1.2\istack-commons-runtime-4.1.2.jar;C:\Users\actdigital\.m2\repository\jakarta\inject\jakarta.inject-api\2.0.1\jakarta.inject-api-2.0.1.jar;C:\Users\actdigital\.m2\repository\org\antlr\antlr4-runtime\4.13.0\antlr4-runtime-4.13.0.jar;C:\Users\actdigital\.m2\repository\org\springframework\data\spring-data-jpa\3.2.3\spring-data-jpa-3.2.3.jar;C:\Users\actdigital\.m2\repository\org\springframework\data\spring-data-commons\3.2.3\spring-data-commons-3.2.3.jar;C:\Users\actdigital\.m2\repository\org\springframework\spring-orm\6.1.4\spring-orm-6.1.4.jar;C:\Users\actdigital\.m2\repository\org\springframework\spring-tx\6.1.4\spring-tx-6.1.4.jar;C:\Users\actdigital\.m2\repository\org\slf4j\slf4j-api\2.0.12\slf4j-api-2.0.12.jar;C:\Users\actdigital\.m2\repository\org\springframework\spring-aspects\6.1.4\spring-aspects-6.1.4.jar;C:\Users\actdigital\.m2\repository\org\springframework\boot\spring-boot-starter-validation\3.2.3\spring-boot-starter-validation-3.2.3.jar;C:\Users\actdigital\.m2\repository\org\apache\tomcat\embed\tomcat-embed-el\10.1.19\tomcat-embed-el-10.1.19.jar;C:\Users\actdigital\.m2\repository\org\hibernate\validator\hibernate-validator\8.0.1.Final\hibernate-validator-8.0.1.Final.jar;C:\Users\actdigital\.m2\repository\jakarta\validation\jakarta.validation-api\3.0.2\jakarta.validation-api-3.0.2.jar;C:\Users\actdigital\.m2\repository\org\springframework\boot\spring-boot-starter-security\3.2.3\spring-boot-starter-security-3.2.3.jar;C:\Users\actdigital\.m2\repository\org\springframework\spring-aop\6.1.4\spring-aop-6.1.4.jar;C:\Users\actdigital\.m2\repository\org\springframework\security\spring-security-config\6.2.2\spring-security-config-6.2.2.jar;C:\Users\actdigital\.m2\repository\org\springframework\security\spring-security-core\6.2.2\spring-security-core-6.2.2.jar;C:\Users\actdigital\.m2\repository\org\springframework\security\spring-security-crypto\6.2.2\spring-security-crypto-6.2.2.jar;C:\Users\actdigital\.m2\repository\org\springframework\security\spring-security-web\6.2.2\spring-security-web-6.2.2.jar;C:\Users\actdigital\.m2\repository\org\springframework\boot\spring-boot-starter-actuator\3.2.3\spring-boot-starter-actuator-3.2.3.jar;C:\Users\actdigital\.m2\repository\org\springframework\boot\spring-boot-actuator-autoconfigure\3.2.3\spring-boot-actuator-autoconfigure-3.2.3.jar;C:\Users\actdigital\.m2\repository\org\springframework\boot\spring-boot-actuator\3.2.3\spring-boot-actuator-3.2.3.jar;C:\Users\actdigital\.m2\repository\io\micrometer\micrometer-observation\1.12.3\micrometer-observation-1.12.3.jar;C:\Users\actdigital\.m2\repository\io\micrometer\micrometer-commons\1.12.3\micrometer-commons-1.12.3.jar;C:\Users\actdigital\.m2\repository\io\micrometer\micrometer-jakarta9\1.12.3\micrometer-jakarta9-1.12.3.jar;C:\Users\actdigital\.m2\repository\io\micrometer\micrometer-core\1.12.3\micrometer-core-1.12.3.jar;C:\Users\actdigital\.m2\repository\org\hdrhistogram\HdrHistogram\2.1.12\HdrHistogram-2.1.12.jar;C:\Users\actdigital\.m2\repository\org\latencyutils\LatencyUtils\2.0.3\LatencyUtils-2.0.3.jar;C:\Users\actdigital\.m2\repository\org\postgresql\postgresql\42.6.1\postgresql-42.6.1.jar;C:\Users\actdigital\.m2\repository\org\checkerframework\checker-qual\3.31.0\checker-qual-3.31.0.jar;C:\Users\actdigital\.m2\repository\org\springdoc\springdoc-openapi-starter-webmvc-ui\2.3.0\springdoc-openapi-starter-webmvc-ui-2.3.0.jar;C:\Users\actdigital\.m2\repository\org\springdoc\springdoc-openapi-starter-webmvc-api\2.3.0\springdoc-openapi-starter-webmvc-api-2.3.0.jar;C:\Users\actdigital\.m2\repository\org\springdoc\springdoc-openapi-starter-common\2.3.0\springdoc-openapi-starter-common-2.3.0.jar;C:\Users\actdigital\.m2\repository\io\swagger\core\v3\swagger-core-jakarta\2.2.19\swagger-core-jakarta-2.2.19.jar;C:\Users\actdigital\.m2\repository\io\swagger\core\v3\swagger-annotations-jakarta\2.2.19\swagger-annotations-jakarta-2.2.19.jar;C:\Users\actdigital\.m2\repository\io\swagger\core\v3\swagger-models-jakarta\2.2.19\swagger-models-jakarta-2.2.19.jar;C:\Users\actdigital\.m2\repository\com\fasterxml\jackson\dataformat\jackson-dataformat-yaml\2.15.4\jackson-dataformat-yaml-2.15.4.jar;C:\Users\actdigital\.m2\repository\org\webjars\swagger-ui\5.10.3\swagger-ui-5.10.3.jar;C:\Users\actdigital\.m2\repository\org\projectlombok\lombok\1.18.30\lombok-1.18.30.jar;C:\Users\actdigital\.m2\repository\org\springframework\boot\spring-boot-starter-test\3.2.3\spring-boot-starter-test-3.2.3.jar;C:\Users\actdigital\.m2\repository\org\springframework\boot\spring-boot-test\3.2.3\spring-boot-test-3.2.3.jar;C:\Users\actdigital\.m2\repository\org\springframework\boot\spring-boot-test-autoconfigure\3.2.3\spring-boot-test-autoconfigure-3.2.3.jar;C:\Users\actdigital\.m2\repository\com\jayway\jsonpath\json-path\2.9.0\json-path-2.9.0.jar;C:\Users\actdigital\.m2\repository\jakarta\xml\bind\jakarta.xml.bind-api\4.0.1\jakarta.xml.bind-api-4.0.1.jar;C:\Users\actdigital\.m2\repository\jakarta\activation\jakarta.activation-api\2.1.2\jakarta.activation-api-2.1.2.jar;C:\Users\actdigital\.m2\repository\net\minidev\json-smart\2.5.0\json-smart-2.5.0.jar;C:\Users\actdigital\.m2\repository\net\minidev\accessors-smart\2.5.0\accessors-smart-2.5.0.jar;C:\Users\actdigital\.m2\repository\org\ow2\asm\asm\9.3\asm-9.3.jar;C:\Users\actdigital\.m2\repository\org\assertj\assertj-core\3.24.2\assertj-core-3.24.2.jar;C:\Users\actdigital\.m2\repository\org\awaitility\awaitility\4.2.0\awaitility-4.2.0.jar;C:\Users\actdigital\.m2\repository\org\hamcrest\hamcrest\2.2\hamcrest-2.2.jar;C:\Users\actdigital\.m2\repository\org\junit\jupiter\junit-jupiter\5.10.2\junit-jupiter-5.10.2.jar;C:\Users\actdigital\.m2\repository\org\junit\jupiter\junit-jupiter-api\5.10.2\junit-jupiter-api-5.10.2.jar;C:\Users\actdigital\.m2\repository\org\junit\jupiter\junit-jupiter-params\5.10.2\junit-jupiter-params-5.10.2.jar;C:\Users\actdigital\.m2\repository\org\junit\jupiter\junit-jupiter-engine\5.10.2\junit-jupiter-engine-5.10.2.jar;C:\Users\actdigital\.m2\repository\org\mockito\mockito-core\5.7.0\mockito-core-5.7.0.jar;C:\Users\actdigital\.m2\repository\net\bytebuddy\byte-buddy-agent\1.14.12\byte-buddy-agent-1.14.12.jar;C:\Users\actdigital\.m2\repository\org\objenesis\objenesis\3.3\objenesis-3.3.jar;C:\Users\actdigital\.m2\repository\org\mockito\mockito-junit-jupiter\5.7.0\mockito-junit-jupiter-5.7.0.jar;C:\Users\actdigital\.m2\repository\org\skyscreamer\jsonassert\1.5.1\jsonassert-1.5.1.jar;C:\Users\actdigital\.m2\repository\com\vaadin\external\google\android-json\0.0.20131108.vaadin1\android-json-0.0.20131108.vaadin1.jar;C:\Users\actdigital\.m2\repository\org\springframework\spring-core\6.1.4\spring-core-6.1.4.jar;C:\Users\actdigital\.m2\repository\org\springframework\spring-jcl\6.1.4\spring-jcl-6.1.4.jar;C:\Users\actdigital\.m2\repository\org\springframework\spring-test\6.1.4\spring-test-6.1.4.jar;C:\Users\actdigital\.m2\repository\org\xmlunit\xmlunit-core\2.9.1\xmlunit-core-2.9.1.jar;C:\Users\actdigital\.m2\repository\io\cucumber\cucumber-java\7.15.0\cucumber-java-7.15.0.jar;C:\Users\actdigital\.m2\repository\io\cucumber\cucumber-core\7.15.0\cucumber-core-7.15.0.jar;C:\Users\actdigital\.m2\repository\io\cucumber\cucumber-gherkin\7.15.0\cucumber-gherkin-7.15.0.jar;C:\Users\actdigital\.m2\repository\io\cucumber\cucumber-gherkin-messages\7.15.0\cucumber-gherkin-messages-7.15.0.jar;C:\Users\actdigital\.m2\repository\io\cucumber\gherkin\26.2.0\gherkin-26.2.0.jar;C:\Users\actdigital\.m2\repository\io\cucumber\messages\22.0.0\messages-22.0.0.jar;C:\Users\actdigital\.m2\repository\io\cucumber\tag-expressions\6.0.0\tag-expressions-6.0.0.jar;C:\Users\actdigital\.m2\repository\io\cucumber\cucumber-expressions\17.0.1\cucumber-expressions-17.0.1.jar;C:\Users\actdigital\.m2\repository\io\cucumber\datatable\7.15.0\datatable-7.15.0.jar;C:\Users\actdigital\.m2\repository\io\cucumber\cucumber-plugin\7.15.0\cucumber-plugin-7.15.0.jar;C:\Users\actdigital\.m2\repository\io\cucumber\docstring\7.15.0\docstring-7.15.0.jar;C:\Users\actdigital\.m2\repository\io\cucumber\html-formatter\20.4.0\html-formatter-20.4.0.jar;C:\Users\actdigital\.m2\repository\io\cucumber\junit-xml-formatter\0.2.0\junit-xml-formatter-0.2.0.jar;C:\Users\actdigital\.m2\repository\io\cucumber\ci-environment\10.0.0\ci-environment-10.0.0.jar;C:\Users\actdigital\.m2\repository\org\apiguardian\apiguardian-api\1.1.2\apiguardian-api-1.1.2.jar;C:\Users\actdigital\.m2\repository\io\cucumber\cucumber-junit\7.15.0\cucumber-junit-7.15.0.jar;C:\Users\actdigital\.m2\repository\junit\junit\4.13.2\junit-4.13.2.jar;C:\Users\actdigital\.m2\repository\org\hamcrest\hamcrest-core\2.2\hamcrest-core-2.2.jar;C:\Users\actdigital\.m2\repository\io\cucumber\cucumber-spring\7.15.0\cucumber-spring-7.15.0.jar;C:\Users\actdigital\.m2\repository\io\cucumber\cucumber-junit-platform-engine\7.15.0\cucumber-junit-platform-engine-7.15.0.jar;C:\Users\actdigital\.m2\repository\org\junit\platform\junit-platform-engine\1.10.2\junit-platform-engine-1.10.2.jar;C:\Users\actdigital\.m2\repository\org\opentest4j\opentest4j\1.3.0\opentest4j-1.3.0.jar;C:\Users\actdigital\.m2\repository\org\junit\platform\junit-platform-suite\1.10.1\junit-platform-suite-1.10.1.jar;C:\Users\actdigital\.m2\repository\org\junit\platform\junit-platform-suite-api\1.10.1\junit-platform-suite-api-1.10.1.jar;C:\Users\actdigital\.m2\repository\org\junit\platform\junit-platform-commons\1.10.2\junit-platform-commons-1.10.2.jar;C:\Users\actdigital\.m2\repository\org\junit\platform\junit-platform-suite-engine\1.10.1\junit-platform-suite-engine-1.10.1.jar;C:\Users\actdigital\.m2\repository\org\junit\platform\junit-platform-suite-commons\1.10.2\junit-platform-suite-commons-1.10.2.jar;C:\Users\actdigital\.m2\repository\org\junit\platform\junit-platform-launcher\1.10.2\junit-platform-launcher-1.10.2.jar;C:\Users\actdigital\.m2\repository\net\masterthought\maven-cucumber-reporting\5.7.7\maven-cucumber-reporting-5.7.7.jar;C:\Users\actdigital\.m2\repository\commons-collections\commons-collections\3.2.2\commons-collections-3.2.2.jar;C:\Users\actdigital\.m2\repository\net\masterthought\cucumber-reporting\5.7.7\cucumber-reporting-5.7.7.jar;C:\Users\actdigital\.m2\repository\org\apache\velocity\velocity-engine-core\2.3\velocity-engine-core-2.3.jar;C:\Users\actdigital\.m2\repository\joda-time\joda-time\2.12.5\joda-time-2.12.5.jar;C:\Users\actdigital\.m2\repository\org\apache\commons\commons-lang3\3.13.0\commons-lang3-3.13.0.jar;C:\Users\actdigital\.m2\repository\commons-io\commons-io\2.7\commons-io-2.7.jar;C:\Users\actdigital\.m2\repository\org\codehaus\plexus\plexus-utils\3.5.1\plexus-utils-3.5.1.jar;C:\Users\actdigital\.m2\repository\org\jsoup\jsoup\1.16.1\jsoup-1.16.1.jar;C:\Users\actdigital\.m2\repository\com\googlecode\owasp-java-html-sanitizer\owasp-java-html-sanitizer\20220608.1\owasp-java-html-sanitizer-20220608.1.jar;C:\Users\actdigital\.m2\repository\com\google\guava\guava\30.1-jre\guava-30.1-jre.jar;C:\Users\actdigital\.m2\repository\com\google\guava\failureaccess\1.0.1\failureaccess-1.0.1.jar;C:\Users\actdigital\.m2\repository\com\google\guava\listenablefuture\9999.0-empty-to-avoid-conflict-with-guava\listenablefuture-9999.0-empty-to-avoid-conflict-with-guava.jar;C:\Users\actdigital\.m2\repository\com\google\code\findbugs\jsr305\3.0.2\jsr305-3.0.2.jar;C:\Users\actdigital\.m2\repository\com\google\errorprone\error_prone_annotations\2.3.4\error_prone_annotations-2.3.4.jar;C:\Users\actdigital\.m2\repository\com\google\j2objc\j2objc-annotations\1.3\j2objc-annotations-1.3.jar;C:\Users\actdigital\.m2\repository\commons-configuration\commons-configuration\1.10\commons-configuration-1.10.jar;C:\Users\actdigital\.m2\repository\commons-lang\commons-lang\2.6\commons-lang-2.6.jar;C:\Users\actdigital\.m2\repository\commons-logging\commons-logging\1.1.1\commons-logging-1.1.1.jar;C:\Users\actdigital\.m2\repository\com\h2database\h2\2.2.224\h2-2.2.224.jar;"/>
    <property name="sun.cpu.endian" value="little"/>
    <property name="user.home" value="C:\Users\actdigital"/>
    <property name="user.language" value="pt"/>
    <property name="java.specification.vendor" value="Oracle Corporation"/>
    <property name="java.version.date" value="2024-10-15"/>
    <property name="java.home" value="C:\Program Files\Java\jdk-21"/>
    <property name="file.separator" value="\"/>
    <property name="basedir" value="C:\Users\actdigital\git\Estapar"/>
    <property name="java.vm.compressedOopsMode" value="Zero based"/>
    <property name="line.separator" value="&#10;"/>
    <property name="java.vm.specification.vendor" value="Oracle Corporation"/>
    <property name="java.specification.name" value="Java Platform API Specification"/>
    <property name="FILE_LOG_CHARSET" value="UTF-8"/>
    <property name="java.awt.headless" value="true"/>
    <property name="surefire.real.class.path" value="C:\Users\actdigital\AppData\Local\Temp\surefire1810115888003043885\surefirebooter-20250529150113948_3.jar"/>
    <property name="user.script" value=""/>
    <property name="sun.management.compiler" value="HotSpot 64-Bit Tiered Compilers"/>
    <property name="java.runtime.version" value="21.0.5+9-LTS-239"/>
    <property name="user.name" value="actdigital"/>
    <property name="stdout.encoding" value="Cp1252"/>
    <property name="path.separator" value=";"/>
    <property name="os.version" value="10.0"/>
    <property name="java.runtime.name" value="Java(TM) SE Runtime Environment"/>
    <property name="file.encoding" value="UTF-8"/>
    <property name="java.vm.name" value="Java HotSpot(TM) 64-Bit Server VM"/>
    <property name="localRepository" value="C:\Users\actdigital\.m2\repository"/>
    <property name="java.vendor.url.bug" value="https://bugreport.java.com/bugreport/"/>
    <property name="java.io.tmpdir" value="C:\Users\ACTDIG~1\AppData\Local\Temp\"/>
    <property name="java.version" value="21.0.5"/>
    <property name="user.dir" value="C:\Users\actdigital\git\Estapar"/>
    <property name="os.arch" value="amd64"/>
    <property name="java.vm.specification.name" value="Java Virtual Machine Specification"/>
    <property name="PID" value="34184"/>
    <property name="sun.os.patch.level" value=""/>
    <property name="CONSOLE_LOG_CHARSET" value="UTF-8"/>
    <property name="native.encoding" value="Cp1252"/>
    <property name="java.library.path" value="C:\Program Files\Java\jdk-21\bin;C:\WINDOWS\Sun\Java\bin;C:\WINDOWS\system32;C:\WINDOWS;C:\Users\actdigital\.local\bin;C:\Users\actdigital\bin;C:\Program Files\Git\mingw64\bin;C:\Program Files\Git\usr\local\bin;C:\Program Files\Git\usr\bin;C:\Program Files\Git\usr\bin;C:\Program Files\Git\mingw64\bin;C:\Program Files\Git\usr\bin;C:\Users\actdigital\bin;C:\Program Files\Common Files\Oracle\Java\javapath;C:\WINDOWS\system32;C:\WINDOWS;C:\WINDOWS\System32\Wbem;C:\WINDOWS\System32\WindowsPowerShell\v1.0;C:\WINDOWS\System32\OpenSSH;C:\Program Files\dotnet;C:\Program Files\Git\cmd;C:\Program Files\Docker\Docker\resources\bin;C:\Users\actdigital\AppData\Local\nvm;C:\nvm4w\nodejs;C:\terraform;C:\Program Files\Amazon\AWSCLIV2;C:\Users\actdigital\git\java-1.8.0-openjdk-1.8.0.392-1.b08.redhat.windows.x86_64\jdk\bin;C:\Users\actdigital\AppData\Local\Programs\cursor\resources\app\bin;C:\Users\actdigital\AppData\Local\Programs\Python\Launcher;C:\Users\actdigital\AppData\Local\Microsoft\WindowsApps;C:\Users\actdigital\AppData\Local\Programs\Microsoft VS Code\bin;C:\Users\actdigital\AppData\Local\nvm;C:\nvm4w\nodejs;C:\Users\actdigital\git\java-1.8.0-openjdk-1.8.0.392-1.b08.redhat.windows.x86_64\jdk\bin;C:\Users\actdigital\git\apache-maven-3.9.9-bin\apache-maven-3.9.9\bin;C:\Program Files\JetBrains\IntelliJ IDEA Community Edition 2024.3.3\bin;C:\Users\actdigital\AppData\Local\Microsoft\WinGet\Packages\Helm.Helm_Microsoft.Winget.Source_8wekyb3d8bbwe\windows-amd64;C:\Users\actdigital\eksctl.exe;C:\Program Files\Java\jdk-21\bin;C:\Users\actdigital\AppData\Local\Programs\cursor\resources\app\bin;C:\Program Files\Java\jdk-21\.local\bin;C:\dev\kubectl-ai_Windows_x86_64;C:\Users\actdigital\AppData\Roaming\Cursor\User\globalStorage\github.copilot-chat\debugCommand;C:\Program Files\Git\usr\bin\vendor_perl;C:\Program Files\Git\usr\bin\core_perl;."/>
    <property name="java.vm.info" value="mixed mode, sharing"/>
    <property name="stderr.encoding" value="Cp1252"/>
    <property name="java.vendor" value="Oracle Corporation"/>
    <property name="java.vm.version" value="21.0.5+9-LTS-239"/>
    <property name="sun.io.unicode.encoding" value="UnicodeLittle"/>
    <property name="java.class.version" value="65.0"/>
  </properties>
  <testcase name="findByLatitudeAndLongitude_ShouldReturnEmptyForNonExistentCoordinates" classname="com.estapar.parking.repository.ParkingSpotRepositoryTest" time="0.098">
    <system-out><![CDATA[2025-05-29T15:01:30.478-03:00 DEBUG 34184 --- [           main] b.t.a.o.j.DataJpaTestContextBootstrapper : Neither @ContextConfiguration nor @ContextHierarchy found for test class [ParkingSpotRepositoryTest]: using SpringBootContextLoader
2025-05-29T15:01:30.479-03:00 DEBUG 34184 --- [           main] o.s.t.c.support.AbstractContextLoader    : Could not detect default resource locations for test class [com.estapar.parking.repository.ParkingSpotRepositoryTest]: no resource found for suffixes {-context.xml, Context.groovy}.
2025-05-29T15:01:30.479-03:00  INFO 34184 --- [           main] t.c.s.AnnotationConfigContextLoaderUtils : Could not detect default configuration classes for test class [com.estapar.parking.repository.ParkingSpotRepositoryTest]: ParkingSpotRepositoryTest does not declare any static, non-private, non-final, nested classes annotated with @Configuration.
2025-05-29T15:01:30.480-03:00 DEBUG 34184 --- [           main] b.t.a.o.j.DataJpaTestContextBootstrapper : Using ContextCustomizerFactory implementations for test class [ParkingSpotRepositoryTest]: [ImportsContextCustomizerFactory, ExcludeFilterContextCustomizerFactory, HttpGraphQlTesterContextCustomizerFactory, DuplicateJsonObjectContextCustomizerFactory, MockitoContextCustomizerFactory, TestRestTemplateContextCustomizerFactory, WebTestClientContextCustomizerFactory, OverrideAutoConfigurationContextCustomizerFactory, ObservabilityContextCustomizerFactory, TypeExcludeFiltersContextCustomizerFactory, PropertyMappingContextCustomizerFactory, WebDriverContextCustomizerFactory, MockServerContainerContextCustomizerFactory, DynamicPropertiesContextCustomizerFactory]
2025-05-29T15:01:30.495-03:00 DEBUG 34184 --- [           main] b.t.a.o.j.DataJpaTestContextBootstrapper : Using ContextCustomizers for test class [ParkingSpotRepositoryTest]: [ImportsContextCustomizer, ExcludeFilterContextCustomizer, DuplicateJsonObjectContextCustomizer, MockitoContextCustomizer, DisableAutoConfigurationContextCustomizer, DisableObservabilityContextCustomizer, TypeExcludeFiltersContextCustomizer, PropertyMappingContextCustomizer, WebDriverContextCustomizer]
2025-05-29T15:01:30.495-03:00  INFO 34184 --- [           main] .b.t.c.SpringBootTestContextBootstrapper : Found @SpringBootConfiguration com.estapar.parking.ParkingManagementApplication for test class com.estapar.parking.repository.ParkingSpotRepositoryTest
2025-05-29T15:01:30.496-03:00 DEBUG 34184 --- [           main] .s.t.c.u.TestContextSpringFactoriesUtils : Skipping candidate TestExecutionListener [org.springframework.test.context.observation.MicrometerObservationRegistryTestExecutionListener] due to a missing dependency. Specify custom TestExecutionListener classes or make the default TestExecutionListener classes and their required dependencies available. Offending class: io.micrometer.context.ThreadLocalAccessor. MicrometerObservationRegistryTestExecutionListener requires io.micrometer:micrometer-observation:1.10.8 or higher and io.micrometer:context-propagation:1.0.3 or higher.
2025-05-29T15:01:30.496-03:00 DEBUG 34184 --- [           main] b.t.a.o.j.DataJpaTestContextBootstrapper : Using TestExecutionListeners for test class [ParkingSpotRepositoryTest]: [ServletTestExecutionListener, DirtiesContextBeforeModesTestExecutionListener, ApplicationEventsTestExecutionListener, MockitoTestExecutionListener, DependencyInjectionTestExecutionListener, DirtiesContextTestExecutionListener, TransactionalTestExecutionListener, SqlScriptsTestExecutionListener, EventPublishingTestExecutionListener, ResetMocksTestExecutionListener, RestDocsTestExecutionListener, MockRestServiceServerResetTestExecutionListener, MockMvcPrintOnlyOnFailureTestExecutionListener, WebDriverTestExecutionListener, MockWebServiceServerTestExecutionListener]
2025-05-29T15:01:30.496-03:00 DEBUG 34184 --- [           main] sContextBeforeModesTestExecutionListener : Before test class: class [ParkingSpotRepositoryTest], class annotated with @DirtiesContext [false] with mode [null]
2025-05-29T15:01:30.500-03:00 DEBUG 34184 --- [           main] org.springframework.test.context.cache   : Spring test ApplicationContext cache statistics: [DefaultContextCache@63100783 size = 1, maxSize = 32, parentContextCount = 0, hitCount = 61, missCount = 1, failureCount = 0]
2025-05-29T15:01:30.501-03:00 DEBUG 34184 --- [           main] DependencyInjectionTestExecutionListener : Performing dependency injection for test class com.estapar.parking.repository.ParkingSpotRepositoryTest
2025-05-29T15:01:30.502-03:00 DEBUG 34184 --- [           main] org.springframework.test.context.cache   : Spring test ApplicationContext cache statistics: [DefaultContextCache@63100783 size = 1, maxSize = 32, parentContextCount = 0, hitCount = 62, missCount = 1, failureCount = 0]
2025-05-29T15:01:30.504-03:00 DEBUG 34184 --- [           main] org.springframework.test.context.cache   : Spring test ApplicationContext cache statistics: [DefaultContextCache@63100783 size = 1, maxSize = 32, parentContextCount = 0, hitCount = 63, missCount = 1, failureCount = 0]
2025-05-29T15:01:30.505-03:00 DEBUG 34184 --- [           main] sContextBeforeModesTestExecutionListener : Before test method: class [ParkingSpotRepositoryTest], method [findByLatitudeAndLongitude_ShouldReturnEmptyForNonExistentCoordinates], class annotated with @DirtiesContext [false] with mode [null], method annotated with @DirtiesContext [false] with mode [null]
2025-05-29T15:01:30.506-03:00 DEBUG 34184 --- [           main] t.c.t.TransactionalTestExecutionListener : Explicit transaction definition [PROPAGATION_REQUIRED,ISOLATION_DEFAULT] found for test class [com.estapar.parking.repository.ParkingSpotRepositoryTest] and test method [findByLatitudeAndLongitude_ShouldReturnEmptyForNonExistentCoordinates]
2025-05-29T15:01:30.508-03:00 DEBUG 34184 --- [           main] org.springframework.test.context.cache   : Spring test ApplicationContext cache statistics: [DefaultContextCache@63100783 size = 1, maxSize = 32, parentContextCount = 0, hitCount = 64, missCount = 1, failureCount = 0]
2025-05-29T15:01:30.508-03:00 DEBUG 34184 --- [           main] t.c.t.TransactionalTestExecutionListener : No method-level @Rollback override: using default rollback [true] for test method [void com.estapar.parking.repository.ParkingSpotRepositoryTest.findByLatitudeAndLongitude_ShouldReturnEmptyForNonExistentCoordinates()]
2025-05-29T15:01:30.508-03:00 DEBUG 34184 --- [           main] o.s.orm.jpa.JpaTransactionManager        : Creating new transaction with name [com.estapar.parking.repository.ParkingSpotRepositoryTest.findByLatitudeAndLongitude_ShouldReturnEmptyForNonExistentCoordinates]: PROPAGATION_REQUIRED,ISOLATION_DEFAULT
2025-05-29T15:01:30.508-03:00 DEBUG 34184 --- [           main] o.s.orm.jpa.JpaTransactionManager        : Opened new EntityManager [SessionImpl(847224871<open>)] for JPA transaction
2025-05-29T15:01:30.508-03:00 DEBUG 34184 --- [           main] o.s.j.datasource.SimpleDriverDataSource  : Creating new JDBC Driver Connection to [jdbc:h2:mem:f41f4bc9-286b-4f9a-a0e4-95b7879cd638;DB_CLOSE_DELAY=-1;DB_CLOSE_ON_EXIT=false]
2025-05-29T15:01:30.510-03:00 DEBUG 34184 --- [           main] o.s.orm.jpa.JpaTransactionManager        : Exposing JPA transaction as JDBC [org.springframework.orm.jpa.vendor.HibernateJpaDialect$HibernateConnectionHandle@670d2bbb]
2025-05-29T15:01:30.510-03:00 DEBUG 34184 --- [           main] o.s.t.c.transaction.TransactionContext   : Began transaction (1) for test class [com.estapar.parking.repository.ParkingSpotRepositoryTest]; test method [findByLatitudeAndLongitude_ShouldReturnEmptyForNonExistentCoordinates]; transaction manager [org.springframework.orm.jpa.JpaTransactionManager@3e984100]; rollback [true]
2025-05-29T15:01:30.512-03:00 DEBUG 34184 --- [           main] .s.t.c.j.SqlScriptsTestExecutionListener : Processing merged @SqlConfig attributes for execution phase [BEFORE_TEST_METHOD] and test class [com.estapar.parking.repository.ParkingSpotRepositoryTest]
2025-05-29T15:01:30.514-03:00 DEBUG 34184 --- [           main] org.springframework.test.context.cache   : Spring test ApplicationContext cache statistics: [DefaultContextCache@63100783 size = 1, maxSize = 32, parentContextCount = 0, hitCount = 65, missCount = 1, failureCount = 0]
2025-05-29T15:01:30.516-03:00 DEBUG 34184 --- [           main] .s.t.c.j.SqlScriptsTestExecutionListener : Executing SQL scripts: [class path resource [sql/init.sql]]
2025-05-29T15:01:30.516-03:00 DEBUG 34184 --- [           main] org.springframework.test.context.cache   : Spring test ApplicationContext cache statistics: [DefaultContextCache@63100783 size = 1, maxSize = 32, parentContextCount = 0, hitCount = 66, missCount = 1, failureCount = 0]
2025-05-29T15:01:30.516-03:00 DEBUG 34184 --- [           main] org.springframework.test.context.cache   : Spring test ApplicationContext cache statistics: [DefaultContextCache@63100783 size = 1, maxSize = 32, parentContextCount = 0, hitCount = 67, missCount = 1, failureCount = 0]
2025-05-29T15:01:30.518-03:00 DEBUG 34184 --- [           main] o.s.orm.jpa.JpaTransactionManager        : Found thread-bound EntityManager [SessionImpl(847224871<open>)] for JPA transaction
2025-05-29T15:01:30.518-03:00 DEBUG 34184 --- [           main] o.s.orm.jpa.JpaTransactionManager        : Participating in existing transaction
2025-05-29T15:01:30.518-03:00 DEBUG 34184 --- [           main] o.s.jdbc.datasource.init.ScriptUtils     : Executing SQL script from class path resource [sql/init.sql]
2025-05-29T15:01:30.521-03:00 DEBUG 34184 --- [           main] o.s.jdbc.datasource.init.ScriptUtils     : 0 returned as update count for SQL: DELETE FROM parking_events
2025-05-29T15:01:30.521-03:00 DEBUG 34184 --- [           main] o.s.jdbc.datasource.init.ScriptUtils     : 0 returned as update count for SQL: DELETE FROM parking_spots
2025-05-29T15:01:30.521-03:00 DEBUG 34184 --- [           main] o.s.jdbc.datasource.init.ScriptUtils     : 0 returned as update count for SQL: DELETE FROM garage_sectors
2025-05-29T15:01:30.523-03:00 DEBUG 34184 --- [           main] o.s.jdbc.datasource.init.ScriptUtils     : 3 returned as update count for SQL: INSERT INTO garage_sectors (id, base_price, max_capacity, open_hour, close_hour, duration_limit_minutes, current_occupancy) VALUES ('A1', 10.00, 50, '06:00', '22:00', 120, 0), ('A2', 12.00, 30, '06:00', '22:00', 180, 0), ('B1', 15.00, 20, '06:00', '22:00', 240, 0)
2025-05-29T15:01:30.523-03:00 DEBUG 34184 --- [           main] o.s.jdbc.datasource.init.ScriptUtils     : Executed SQL script from class path resource [sql/init.sql] in 5 ms.
2025-05-29T15:01:30.524-03:00 DEBUG 34184 --- [           main] org.springframework.test.context.cache   : Spring test ApplicationContext cache statistics: [DefaultContextCache@63100783 size = 1, maxSize = 32, parentContextCount = 0, hitCount = 68, missCount = 1, failureCount = 0]
2025-05-29T15:01:30.524-03:00 DEBUG 34184 --- [           main] org.springframework.test.context.cache   : Spring test ApplicationContext cache statistics: [DefaultContextCache@63100783 size = 1, maxSize = 32, parentContextCount = 0, hitCount = 69, missCount = 1, failureCount = 0]
2025-05-29T15:01:30.540-03:00 DEBUG 34184 --- [           main] org.hibernate.SQL                        : 
    delete 
    from
        parking_spots
Hibernate: 
    delete 
    from
        parking_spots
2025-05-29T15:01:30.543-03:00 DEBUG 34184 --- [           main] org.hibernate.SQL                        : 
    insert 
    into
        parking_spots
        (entry_time, latitude, license_plate, longitude, occupied, sector_id) 
    values
        (?, ?, ?, ?, ?, ?)
Hibernate: 
    insert 
    into
        parking_spots
        (entry_time, latitude, license_plate, longitude, occupied, sector_id) 
    values
        (?, ?, ?, ?, ?, ?)
2025-05-29T15:01:30.553-03:00 DEBUG 34184 --- [           main] org.hibernate.SQL                        : 
    insert 
    into
        parking_spots
        (entry_time, latitude, license_plate, longitude, occupied, sector_id) 
    values
        (?, ?, ?, ?, ?, ?)
Hibernate: 
    insert 
    into
        parking_spots
        (entry_time, latitude, license_plate, longitude, occupied, sector_id) 
    values
        (?, ?, ?, ?, ?, ?)
2025-05-29T15:01:30.554-03:00 DEBUG 34184 --- [           main] org.springframework.test.context.cache   : Spring test ApplicationContext cache statistics: [DefaultContextCache@63100783 size = 1, maxSize = 32, parentContextCount = 0, hitCount = 70, missCount = 1, failureCount = 0]
2025-05-29T15:01:30.584-03:00 DEBUG 34184 --- [           main] org.hibernate.SQL                        : 
    select
        ps1_0.id,
        ps1_0.entry_time,
        ps1_0.latitude,
        ps1_0.license_plate,
        ps1_0.longitude,
        ps1_0.occupied,
        ps1_0.sector_id 
    from
        parking_spots ps1_0 
    where
        ps1_0.latitude=? 
        and ps1_0.longitude=?
Hibernate: 
    select
        ps1_0.id,
        ps1_0.entry_time,
        ps1_0.latitude,
        ps1_0.license_plate,
        ps1_0.longitude,
        ps1_0.occupied,
        ps1_0.sector_id 
    from
        parking_spots ps1_0 
    where
        ps1_0.latitude=? 
        and ps1_0.longitude=?
2025-05-29T15:01:30.592-03:00 DEBUG 34184 --- [           main] org.springframework.test.context.cache   : Spring test ApplicationContext cache statistics: [DefaultContextCache@63100783 size = 1, maxSize = 32, parentContextCount = 0, hitCount = 71, missCount = 1, failureCount = 0]
2025-05-29T15:01:30.593-03:00 DEBUG 34184 --- [           main] org.springframework.test.context.cache   : Spring test ApplicationContext cache statistics: [DefaultContextCache@63100783 size = 1, maxSize = 32, parentContextCount = 0, hitCount = 72, missCount = 1, failureCount = 0]
2025-05-29T15:01:30.593-03:00 DEBUG 34184 --- [           main] org.springframework.test.context.cache   : Spring test ApplicationContext cache statistics: [DefaultContextCache@63100783 size = 1, maxSize = 32, parentContextCount = 0, hitCount = 73, missCount = 1, failureCount = 0]
2025-05-29T15:01:30.594-03:00 DEBUG 34184 --- [           main] org.springframework.test.context.cache   : Spring test ApplicationContext cache statistics: [DefaultContextCache@63100783 size = 1, maxSize = 32, parentContextCount = 0, hitCount = 74, missCount = 1, failureCount = 0]
2025-05-29T15:01:30.596-03:00 DEBUG 34184 --- [           main] org.springframework.test.context.cache   : Spring test ApplicationContext cache statistics: [DefaultContextCache@63100783 size = 1, maxSize = 32, parentContextCount = 0, hitCount = 75, missCount = 1, failureCount = 0]
2025-05-29T15:01:30.597-03:00 DEBUG 34184 --- [           main] org.springframework.test.context.cache   : Spring test ApplicationContext cache statistics: [DefaultContextCache@63100783 size = 1, maxSize = 32, parentContextCount = 0, hitCount = 76, missCount = 1, failureCount = 0]
2025-05-29T15:01:30.598-03:00 DEBUG 34184 --- [           main] o.s.orm.jpa.JpaTransactionManager        : Initiating transaction rollback
2025-05-29T15:01:30.598-03:00 DEBUG 34184 --- [           main] o.s.orm.jpa.JpaTransactionManager        : Rolling back JPA transaction on EntityManager [SessionImpl(847224871<open>)]
2025-05-29T15:01:30.601-03:00 DEBUG 34184 --- [           main] o.s.orm.jpa.JpaTransactionManager        : Closing JPA EntityManager [SessionImpl(847224871<open>)] after transaction
2025-05-29T15:01:30.601-03:00 DEBUG 34184 --- [           main] o.s.t.c.transaction.TransactionContext   : Rolled back transaction (1) for test class [com.estapar.parking.repository.ParkingSpotRepositoryTest]; test method [findByLatitudeAndLongitude_ShouldReturnEmptyForNonExistentCoordinates]
2025-05-29T15:01:30.601-03:00 DEBUG 34184 --- [           main] .c.s.DirtiesContextTestExecutionListener : After test method: class [ParkingSpotRepositoryTest], method [findByLatitudeAndLongitude_ShouldReturnEmptyForNonExistentCoordinates], class annotated with @DirtiesContext [false] with mode [null], method annotated with @DirtiesContext [false] with mode [null]
]]></system-out>
  </testcase>
  <testcase name="shouldAllowTwoVehiclesInSameSpotAtDifferentTimes" classname="com.estapar.parking.repository.ParkingSpotRepositoryTest" time="0.117">
    <system-out><![CDATA[2025-05-29T15:01:30.603-03:00 DEBUG 34184 --- [           main] DependencyInjectionTestExecutionListener : Performing dependency injection for test class com.estapar.parking.repository.ParkingSpotRepositoryTest
2025-05-29T15:01:30.604-03:00 DEBUG 34184 --- [           main] org.springframework.test.context.cache   : Spring test ApplicationContext cache statistics: [DefaultContextCache@63100783 size = 1, maxSize = 32, parentContextCount = 0, hitCount = 77, missCount = 1, failureCount = 0]
2025-05-29T15:01:30.606-03:00 DEBUG 34184 --- [           main] org.springframework.test.context.cache   : Spring test ApplicationContext cache statistics: [DefaultContextCache@63100783 size = 1, maxSize = 32, parentContextCount = 0, hitCount = 78, missCount = 1, failureCount = 0]
2025-05-29T15:01:30.611-03:00 DEBUG 34184 --- [           main] sContextBeforeModesTestExecutionListener : Before test method: class [ParkingSpotRepositoryTest], method [shouldAllowTwoVehiclesInSameSpotAtDifferentTimes], class annotated with @DirtiesContext [false] with mode [null], method annotated with @DirtiesContext [false] with mode [null]
2025-05-29T15:01:30.611-03:00 DEBUG 34184 --- [           main] t.c.t.TransactionalTestExecutionListener : Explicit transaction definition [PROPAGATION_REQUIRED,ISOLATION_DEFAULT] found for test class [com.estapar.parking.repository.ParkingSpotRepositoryTest] and test method [shouldAllowTwoVehiclesInSameSpotAtDifferentTimes]
2025-05-29T15:01:30.612-03:00 DEBUG 34184 --- [           main] org.springframework.test.context.cache   : Spring test ApplicationContext cache statistics: [DefaultContextCache@63100783 size = 1, maxSize = 32, parentContextCount = 0, hitCount = 79, missCount = 1, failureCount = 0]
2025-05-29T15:01:30.614-03:00 DEBUG 34184 --- [           main] t.c.t.TransactionalTestExecutionListener : No method-level @Rollback override: using default rollback [true] for test method [void com.estapar.parking.repository.ParkingSpotRepositoryTest.shouldAllowTwoVehiclesInSameSpotAtDifferentTimes()]
2025-05-29T15:01:30.614-03:00 DEBUG 34184 --- [           main] o.s.orm.jpa.JpaTransactionManager        : Creating new transaction with name [com.estapar.parking.repository.ParkingSpotRepositoryTest.shouldAllowTwoVehiclesInSameSpotAtDifferentTimes]: PROPAGATION_REQUIRED,ISOLATION_DEFAULT
2025-05-29T15:01:30.614-03:00 DEBUG 34184 --- [           main] o.s.orm.jpa.JpaTransactionManager        : Opened new EntityManager [SessionImpl(2139457969<open>)] for JPA transaction
2025-05-29T15:01:30.615-03:00 DEBUG 34184 --- [           main] o.s.j.datasource.SimpleDriverDataSource  : Creating new JDBC Driver Connection to [jdbc:h2:mem:f41f4bc9-286b-4f9a-a0e4-95b7879cd638;DB_CLOSE_DELAY=-1;DB_CLOSE_ON_EXIT=false]
2025-05-29T15:01:30.617-03:00 DEBUG 34184 --- [           main] o.s.orm.jpa.JpaTransactionManager        : Exposing JPA transaction as JDBC [org.springframework.orm.jpa.vendor.HibernateJpaDialect$HibernateConnectionHandle@e156110]
2025-05-29T15:01:30.618-03:00 DEBUG 34184 --- [           main] o.s.t.c.transaction.TransactionContext   : Began transaction (1) for test class [com.estapar.parking.repository.ParkingSpotRepositoryTest]; test method [shouldAllowTwoVehiclesInSameSpotAtDifferentTimes]; transaction manager [org.springframework.orm.jpa.JpaTransactionManager@3e984100]; rollback [true]
2025-05-29T15:01:30.618-03:00 DEBUG 34184 --- [           main] .s.t.c.j.SqlScriptsTestExecutionListener : Processing merged @SqlConfig attributes for execution phase [BEFORE_TEST_METHOD] and test class [com.estapar.parking.repository.ParkingSpotRepositoryTest]
2025-05-29T15:01:30.618-03:00 DEBUG 34184 --- [           main] org.springframework.test.context.cache   : Spring test ApplicationContext cache statistics: [DefaultContextCache@63100783 size = 1, maxSize = 32, parentContextCount = 0, hitCount = 80, missCount = 1, failureCount = 0]
2025-05-29T15:01:30.618-03:00 DEBUG 34184 --- [           main] .s.t.c.j.SqlScriptsTestExecutionListener : Executing SQL scripts: [class path resource [sql/init.sql]]
2025-05-29T15:01:30.620-03:00 DEBUG 34184 --- [           main] org.springframework.test.context.cache   : Spring test ApplicationContext cache statistics: [DefaultContextCache@63100783 size = 1, maxSize = 32, parentContextCount = 0, hitCount = 81, missCount = 1, failureCount = 0]
2025-05-29T15:01:30.620-03:00 DEBUG 34184 --- [           main] org.springframework.test.context.cache   : Spring test ApplicationContext cache statistics: [DefaultContextCache@63100783 size = 1, maxSize = 32, parentContextCount = 0, hitCount = 82, missCount = 1, failureCount = 0]
2025-05-29T15:01:30.620-03:00 DEBUG 34184 --- [           main] o.s.orm.jpa.JpaTransactionManager        : Found thread-bound EntityManager [SessionImpl(2139457969<open>)] for JPA transaction
2025-05-29T15:01:30.620-03:00 DEBUG 34184 --- [           main] o.s.orm.jpa.JpaTransactionManager        : Participating in existing transaction
2025-05-29T15:01:30.620-03:00 DEBUG 34184 --- [           main] o.s.jdbc.datasource.init.ScriptUtils     : Executing SQL script from class path resource [sql/init.sql]
2025-05-29T15:01:30.621-03:00 DEBUG 34184 --- [           main] o.s.jdbc.datasource.init.ScriptUtils     : 0 returned as update count for SQL: DELETE FROM parking_events
2025-05-29T15:01:30.621-03:00 DEBUG 34184 --- [           main] o.s.jdbc.datasource.init.ScriptUtils     : 0 returned as update count for SQL: DELETE FROM parking_spots
2025-05-29T15:01:30.622-03:00 DEBUG 34184 --- [           main] o.s.jdbc.datasource.init.ScriptUtils     : 0 returned as update count for SQL: DELETE FROM garage_sectors
2025-05-29T15:01:30.623-03:00 DEBUG 34184 --- [           main] o.s.jdbc.datasource.init.ScriptUtils     : 3 returned as update count for SQL: INSERT INTO garage_sectors (id, base_price, max_capacity, open_hour, close_hour, duration_limit_minutes, current_occupancy) VALUES ('A1', 10.00, 50, '06:00', '22:00', 120, 0), ('A2', 12.00, 30, '06:00', '22:00', 180, 0), ('B1', 15.00, 20, '06:00', '22:00', 240, 0)
2025-05-29T15:01:30.623-03:00 DEBUG 34184 --- [           main] o.s.jdbc.datasource.init.ScriptUtils     : Executed SQL script from class path resource [sql/init.sql] in 3 ms.
2025-05-29T15:01:30.623-03:00 DEBUG 34184 --- [           main] org.springframework.test.context.cache   : Spring test ApplicationContext cache statistics: [DefaultContextCache@63100783 size = 1, maxSize = 32, parentContextCount = 0, hitCount = 83, missCount = 1, failureCount = 0]
2025-05-29T15:01:30.623-03:00 DEBUG 34184 --- [           main] org.springframework.test.context.cache   : Spring test ApplicationContext cache statistics: [DefaultContextCache@63100783 size = 1, maxSize = 32, parentContextCount = 0, hitCount = 84, missCount = 1, failureCount = 0]
2025-05-29T15:01:30.624-03:00 DEBUG 34184 --- [           main] org.hibernate.SQL                        : 
    delete 
    from
        parking_spots
Hibernate: 
    delete 
    from
        parking_spots
2025-05-29T15:01:30.628-03:00 DEBUG 34184 --- [           main] org.hibernate.SQL                        : 
    insert 
    into
        parking_spots
        (entry_time, latitude, license_plate, longitude, occupied, sector_id) 
    values
        (?, ?, ?, ?, ?, ?)
Hibernate: 
    insert 
    into
        parking_spots
        (entry_time, latitude, license_plate, longitude, occupied, sector_id) 
    values
        (?, ?, ?, ?, ?, ?)
2025-05-29T15:01:30.630-03:00 DEBUG 34184 --- [           main] org.hibernate.SQL                        : 
    insert 
    into
        parking_spots
        (entry_time, latitude, license_plate, longitude, occupied, sector_id) 
    values
        (?, ?, ?, ?, ?, ?)
Hibernate: 
    insert 
    into
        parking_spots
        (entry_time, latitude, license_plate, longitude, occupied, sector_id) 
    values
        (?, ?, ?, ?, ?, ?)
2025-05-29T15:01:30.634-03:00 DEBUG 34184 --- [           main] org.springframework.test.context.cache   : Spring test ApplicationContext cache statistics: [DefaultContextCache@63100783 size = 1, maxSize = 32, parentContextCount = 0, hitCount = 85, missCount = 1, failureCount = 0]
2025-05-29T15:01:30.638-03:00 DEBUG 34184 --- [           main] org.hibernate.SQL                        : 
    delete 
    from
        parking_spots
Hibernate: 
    delete 
    from
        parking_spots
2025-05-29T15:01:30.642-03:00 DEBUG 34184 --- [           main] o.s.orm.jpa.JpaTransactionManager        : Found thread-bound EntityManager [SessionImpl(2139457969<open>)] for JPA transaction
2025-05-29T15:01:30.643-03:00 DEBUG 34184 --- [           main] o.s.orm.jpa.JpaTransactionManager        : Participating in existing transaction
2025-05-29T15:01:30.645-03:00 DEBUG 34184 --- [           main] org.hibernate.SQL                        : 
    insert 
    into
        parking_spots
        (entry_time, latitude, license_plate, longitude, occupied, sector_id) 
    values
        (?, ?, ?, ?, ?, ?)
Hibernate: 
    insert 
    into
        parking_spots
        (entry_time, latitude, license_plate, longitude, occupied, sector_id) 
    values
        (?, ?, ?, ?, ?, ?)
2025-05-29T15:01:30.664-03:00 DEBUG 34184 --- [           main] org.hibernate.SQL                        : 
    update
        parking_spots 
    set
        entry_time=?,
        latitude=?,
        license_plate=?,
        longitude=?,
        occupied=?,
        sector_id=? 
    where
        id=?
Hibernate: 
    update
        parking_spots 
    set
        entry_time=?,
        latitude=?,
        license_plate=?,
        longitude=?,
        occupied=?,
        sector_id=? 
    where
        id=?
2025-05-29T15:01:30.684-03:00 DEBUG 34184 --- [           main] org.hibernate.SQL                        : 
    update
        parking_spots 
    set
        entry_time=?,
        latitude=?,
        license_plate=?,
        longitude=?,
        occupied=?,
        sector_id=? 
    where
        id=?
Hibernate: 
    update
        parking_spots 
    set
        entry_time=?,
        latitude=?,
        license_plate=?,
        longitude=?,
        occupied=?,
        sector_id=? 
    where
        id=?
2025-05-29T15:01:30.691-03:00 DEBUG 34184 --- [           main] org.hibernate.SQL                        : 
    update
        parking_spots 
    set
        entry_time=?,
        latitude=?,
        license_plate=?,
        longitude=?,
        occupied=?,
        sector_id=? 
    where
        id=?
Hibernate: 
    update
        parking_spots 
    set
        entry_time=?,
        latitude=?,
        license_plate=?,
        longitude=?,
        occupied=?,
        sector_id=? 
    where
        id=?
2025-05-29T15:01:30.699-03:00 DEBUG 34184 --- [           main] org.springframework.test.context.cache   : Spring test ApplicationContext cache statistics: [DefaultContextCache@63100783 size = 1, maxSize = 32, parentContextCount = 0, hitCount = 86, missCount = 1, failureCount = 0]
2025-05-29T15:01:30.700-03:00 DEBUG 34184 --- [           main] org.springframework.test.context.cache   : Spring test ApplicationContext cache statistics: [DefaultContextCache@63100783 size = 1, maxSize = 32, parentContextCount = 0, hitCount = 87, missCount = 1, failureCount = 0]
2025-05-29T15:01:30.702-03:00 DEBUG 34184 --- [           main] org.springframework.test.context.cache   : Spring test ApplicationContext cache statistics: [DefaultContextCache@63100783 size = 1, maxSize = 32, parentContextCount = 0, hitCount = 88, missCount = 1, failureCount = 0]
2025-05-29T15:01:30.704-03:00 DEBUG 34184 --- [           main] org.springframework.test.context.cache   : Spring test ApplicationContext cache statistics: [DefaultContextCache@63100783 size = 1, maxSize = 32, parentContextCount = 0, hitCount = 89, missCount = 1, failureCount = 0]
2025-05-29T15:01:30.705-03:00 DEBUG 34184 --- [           main] org.springframework.test.context.cache   : Spring test ApplicationContext cache statistics: [DefaultContextCache@63100783 size = 1, maxSize = 32, parentContextCount = 0, hitCount = 90, missCount = 1, failureCount = 0]
2025-05-29T15:01:30.707-03:00 DEBUG 34184 --- [           main] org.springframework.test.context.cache   : Spring test ApplicationContext cache statistics: [DefaultContextCache@63100783 size = 1, maxSize = 32, parentContextCount = 0, hitCount = 91, missCount = 1, failureCount = 0]
2025-05-29T15:01:30.712-03:00 DEBUG 34184 --- [           main] o.s.orm.jpa.JpaTransactionManager        : Initiating transaction rollback
2025-05-29T15:01:30.712-03:00 DEBUG 34184 --- [           main] o.s.orm.jpa.JpaTransactionManager        : Rolling back JPA transaction on EntityManager [SessionImpl(2139457969<open>)]
2025-05-29T15:01:30.723-03:00 DEBUG 34184 --- [           main] o.s.orm.jpa.JpaTransactionManager        : Closing JPA EntityManager [SessionImpl(2139457969<open>)] after transaction
2025-05-29T15:01:30.723-03:00 DEBUG 34184 --- [           main] o.s.t.c.transaction.TransactionContext   : Rolled back transaction (1) for test class [com.estapar.parking.repository.ParkingSpotRepositoryTest]; test method [shouldAllowTwoVehiclesInSameSpotAtDifferentTimes]
2025-05-29T15:01:30.723-03:00 DEBUG 34184 --- [           main] .c.s.DirtiesContextTestExecutionListener : After test method: class [ParkingSpotRepositoryTest], method [shouldAllowTwoVehiclesInSameSpotAtDifferentTimes], class annotated with @DirtiesContext [false] with mode [null], method annotated with @DirtiesContext [false] with mode [null]
]]></system-out>
  </testcase>
  <testcase name="shouldNotAllowTwoVehiclesInSameSpotAtSameTime" classname="com.estapar.parking.repository.ParkingSpotRepositoryTest" time="0.05">
    <system-out><![CDATA[2025-05-29T15:01:30.725-03:00 DEBUG 34184 --- [           main] DependencyInjectionTestExecutionListener : Performing dependency injection for test class com.estapar.parking.repository.ParkingSpotRepositoryTest
2025-05-29T15:01:30.725-03:00 DEBUG 34184 --- [           main] org.springframework.test.context.cache   : Spring test ApplicationContext cache statistics: [DefaultContextCache@63100783 size = 1, maxSize = 32, parentContextCount = 0, hitCount = 92, missCount = 1, failureCount = 0]
2025-05-29T15:01:30.727-03:00 DEBUG 34184 --- [           main] org.springframework.test.context.cache   : Spring test ApplicationContext cache statistics: [DefaultContextCache@63100783 size = 1, maxSize = 32, parentContextCount = 0, hitCount = 93, missCount = 1, failureCount = 0]
2025-05-29T15:01:30.732-03:00 DEBUG 34184 --- [           main] sContextBeforeModesTestExecutionListener : Before test method: class [ParkingSpotRepositoryTest], method [shouldNotAllowTwoVehiclesInSameSpotAtSameTime], class annotated with @DirtiesContext [false] with mode [null], method annotated with @DirtiesContext [false] with mode [null]
2025-05-29T15:01:30.732-03:00 DEBUG 34184 --- [           main] t.c.t.TransactionalTestExecutionListener : Explicit transaction definition [PROPAGATION_REQUIRED,ISOLATION_DEFAULT] found for test class [com.estapar.parking.repository.ParkingSpotRepositoryTest] and test method [shouldNotAllowTwoVehiclesInSameSpotAtSameTime]
2025-05-29T15:01:30.732-03:00 DEBUG 34184 --- [           main] org.springframework.test.context.cache   : Spring test ApplicationContext cache statistics: [DefaultContextCache@63100783 size = 1, maxSize = 32, parentContextCount = 0, hitCount = 94, missCount = 1, failureCount = 0]
2025-05-29T15:01:30.733-03:00 DEBUG 34184 --- [           main] t.c.t.TransactionalTestExecutionListener : No method-level @Rollback override: using default rollback [true] for test method [void com.estapar.parking.repository.ParkingSpotRepositoryTest.shouldNotAllowTwoVehiclesInSameSpotAtSameTime()]
2025-05-29T15:01:30.734-03:00 DEBUG 34184 --- [           main] o.s.orm.jpa.JpaTransactionManager        : Creating new transaction with name [com.estapar.parking.repository.ParkingSpotRepositoryTest.shouldNotAllowTwoVehiclesInSameSpotAtSameTime]: PROPAGATION_REQUIRED,ISOLATION_DEFAULT
2025-05-29T15:01:30.734-03:00 DEBUG 34184 --- [           main] o.s.orm.jpa.JpaTransactionManager        : Opened new EntityManager [SessionImpl(1831418689<open>)] for JPA transaction
2025-05-29T15:01:30.734-03:00 DEBUG 34184 --- [           main] o.s.j.datasource.SimpleDriverDataSource  : Creating new JDBC Driver Connection to [jdbc:h2:mem:f41f4bc9-286b-4f9a-a0e4-95b7879cd638;DB_CLOSE_DELAY=-1;DB_CLOSE_ON_EXIT=false]
2025-05-29T15:01:30.735-03:00 DEBUG 34184 --- [           main] o.s.orm.jpa.JpaTransactionManager        : Exposing JPA transaction as JDBC [org.springframework.orm.jpa.vendor.HibernateJpaDialect$HibernateConnectionHandle@2079ce51]
2025-05-29T15:01:30.736-03:00 DEBUG 34184 --- [           main] o.s.t.c.transaction.TransactionContext   : Began transaction (1) for test class [com.estapar.parking.repository.ParkingSpotRepositoryTest]; test method [shouldNotAllowTwoVehiclesInSameSpotAtSameTime]; transaction manager [org.springframework.orm.jpa.JpaTransactionManager@3e984100]; rollback [true]
2025-05-29T15:01:30.737-03:00 DEBUG 34184 --- [           main] .s.t.c.j.SqlScriptsTestExecutionListener : Processing merged @SqlConfig attributes for execution phase [BEFORE_TEST_METHOD] and test class [com.estapar.parking.repository.ParkingSpotRepositoryTest]
2025-05-29T15:01:30.737-03:00 DEBUG 34184 --- [           main] org.springframework.test.context.cache   : Spring test ApplicationContext cache statistics: [DefaultContextCache@63100783 size = 1, maxSize = 32, parentContextCount = 0, hitCount = 95, missCount = 1, failureCount = 0]
2025-05-29T15:01:30.737-03:00 DEBUG 34184 --- [           main] .s.t.c.j.SqlScriptsTestExecutionListener : Executing SQL scripts: [class path resource [sql/init.sql]]
2025-05-29T15:01:30.737-03:00 DEBUG 34184 --- [           main] org.springframework.test.context.cache   : Spring test ApplicationContext cache statistics: [DefaultContextCache@63100783 size = 1, maxSize = 32, parentContextCount = 0, hitCount = 96, missCount = 1, failureCount = 0]
2025-05-29T15:01:30.739-03:00 DEBUG 34184 --- [           main] org.springframework.test.context.cache   : Spring test ApplicationContext cache statistics: [DefaultContextCache@63100783 size = 1, maxSize = 32, parentContextCount = 0, hitCount = 97, missCount = 1, failureCount = 0]
2025-05-29T15:01:30.739-03:00 DEBUG 34184 --- [           main] o.s.orm.jpa.JpaTransactionManager        : Found thread-bound EntityManager [SessionImpl(1831418689<open>)] for JPA transaction
2025-05-29T15:01:30.739-03:00 DEBUG 34184 --- [           main] o.s.orm.jpa.JpaTransactionManager        : Participating in existing transaction
2025-05-29T15:01:30.739-03:00 DEBUG 34184 --- [           main] o.s.jdbc.datasource.init.ScriptUtils     : Executing SQL script from class path resource [sql/init.sql]
2025-05-29T15:01:30.740-03:00 DEBUG 34184 --- [           main] o.s.jdbc.datasource.init.ScriptUtils     : 0 returned as update count for SQL: DELETE FROM parking_events
2025-05-29T15:01:30.741-03:00 DEBUG 34184 --- [           main] o.s.jdbc.datasource.init.ScriptUtils     : 0 returned as update count for SQL: DELETE FROM parking_spots
2025-05-29T15:01:30.741-03:00 DEBUG 34184 --- [           main] o.s.jdbc.datasource.init.ScriptUtils     : 0 returned as update count for SQL: DELETE FROM garage_sectors
2025-05-29T15:01:30.742-03:00 DEBUG 34184 --- [           main] o.s.jdbc.datasource.init.ScriptUtils     : 3 returned as update count for SQL: INSERT INTO garage_sectors (id, base_price, max_capacity, open_hour, close_hour, duration_limit_minutes, current_occupancy) VALUES ('A1', 10.00, 50, '06:00', '22:00', 120, 0), ('A2', 12.00, 30, '06:00', '22:00', 180, 0), ('B1', 15.00, 20, '06:00', '22:00', 240, 0)
2025-05-29T15:01:30.742-03:00 DEBUG 34184 --- [           main] o.s.jdbc.datasource.init.ScriptUtils     : Executed SQL script from class path resource [sql/init.sql] in 3 ms.
2025-05-29T15:01:30.743-03:00 DEBUG 34184 --- [           main] org.springframework.test.context.cache   : Spring test ApplicationContext cache statistics: [DefaultContextCache@63100783 size = 1, maxSize = 32, parentContextCount = 0, hitCount = 98, missCount = 1, failureCount = 0]
2025-05-29T15:01:30.743-03:00 DEBUG 34184 --- [           main] org.springframework.test.context.cache   : Spring test ApplicationContext cache statistics: [DefaultContextCache@63100783 size = 1, maxSize = 32, parentContextCount = 0, hitCount = 99, missCount = 1, failureCount = 0]
2025-05-29T15:01:30.744-03:00 DEBUG 34184 --- [           main] org.hibernate.SQL                        : 
    delete 
    from
        parking_spots
Hibernate: 
    delete 
    from
        parking_spots
2025-05-29T15:01:30.747-03:00 DEBUG 34184 --- [           main] org.hibernate.SQL                        : 
    insert 
    into
        parking_spots
        (entry_time, latitude, license_plate, longitude, occupied, sector_id) 
    values
        (?, ?, ?, ?, ?, ?)
Hibernate: 
    insert 
    into
        parking_spots
        (entry_time, latitude, license_plate, longitude, occupied, sector_id) 
    values
        (?, ?, ?, ?, ?, ?)
2025-05-29T15:01:30.752-03:00 DEBUG 34184 --- [           main] org.hibernate.SQL                        : 
    insert 
    into
        parking_spots
        (entry_time, latitude, license_plate, longitude, occupied, sector_id) 
    values
        (?, ?, ?, ?, ?, ?)
Hibernate: 
    insert 
    into
        parking_spots
        (entry_time, latitude, license_plate, longitude, occupied, sector_id) 
    values
        (?, ?, ?, ?, ?, ?)
2025-05-29T15:01:30.753-03:00 DEBUG 34184 --- [           main] org.springframework.test.context.cache   : Spring test ApplicationContext cache statistics: [DefaultContextCache@63100783 size = 1, maxSize = 32, parentContextCount = 0, hitCount = 100, missCount = 1, failureCount = 0]
2025-05-29T15:01:30.754-03:00 DEBUG 34184 --- [           main] org.hibernate.SQL                        : 
    delete 
    from
        parking_spots
Hibernate: 
    delete 
    from
        parking_spots
2025-05-29T15:01:30.755-03:00 DEBUG 34184 --- [           main] o.s.orm.jpa.JpaTransactionManager        : Found thread-bound EntityManager [SessionImpl(1831418689<open>)] for JPA transaction
2025-05-29T15:01:30.755-03:00 DEBUG 34184 --- [           main] o.s.orm.jpa.JpaTransactionManager        : Participating in existing transaction
2025-05-29T15:01:30.755-03:00 DEBUG 34184 --- [           main] org.hibernate.SQL                        : 
    insert 
    into
        parking_spots
        (entry_time, latitude, license_plate, longitude, occupied, sector_id) 
    values
        (?, ?, ?, ?, ?, ?)
Hibernate: 
    insert 
    into
        parking_spots
        (entry_time, latitude, license_plate, longitude, occupied, sector_id) 
    values
        (?, ?, ?, ?, ?, ?)
2025-05-29T15:01:30.757-03:00 DEBUG 34184 --- [           main] o.s.orm.jpa.JpaTransactionManager        : Found thread-bound EntityManager [SessionImpl(1831418689<open>)] for JPA transaction
2025-05-29T15:01:30.757-03:00 DEBUG 34184 --- [           main] o.s.orm.jpa.JpaTransactionManager        : Participating in existing transaction
2025-05-29T15:01:30.758-03:00 DEBUG 34184 --- [           main] org.hibernate.SQL                        : 
    insert 
    into
        parking_spots
        (entry_time, latitude, license_plate, longitude, occupied, sector_id) 
    values
        (?, ?, ?, ?, ?, ?)
Hibernate: 
    insert 
    into
        parking_spots
        (entry_time, latitude, license_plate, longitude, occupied, sector_id) 
    values
        (?, ?, ?, ?, ?, ?)
2025-05-29T15:01:30.761-03:00 DEBUG 34184 --- [           main] org.hibernate.SQL                        : 
    update
        parking_spots 
    set
        entry_time=?,
        latitude=?,
        license_plate=?,
        longitude=?,
        occupied=?,
        sector_id=? 
    where
        id=?
Hibernate: 
    update
        parking_spots 
    set
        entry_time=?,
        latitude=?,
        license_plate=?,
        longitude=?,
        occupied=?,
        sector_id=? 
    where
        id=?
2025-05-29T15:01:30.763-03:00 DEBUG 34184 --- [           main] org.hibernate.SQL                        : 
    update
        parking_spots 
    set
        entry_time=?,
        latitude=?,
        license_plate=?,
        longitude=?,
        occupied=?,
        sector_id=? 
    where
        id=?
Hibernate: 
    update
        parking_spots 
    set
        entry_time=?,
        latitude=?,
        license_plate=?,
        longitude=?,
        occupied=?,
        sector_id=? 
    where
        id=?
2025-05-29T15:01:30.773-03:00  WARN 34184 --- [           main] o.h.engine.jdbc.spi.SqlExceptionHelper   : SQL Error: 23505, SQLState: 23505
2025-05-29T15:01:30.773-03:00 ERROR 34184 --- [           main] o.h.engine.jdbc.spi.SqlExceptionHelper   : Unique index or primary key violation: "PUBLIC.CONSTRAINT_INDEX_9F ON PUBLIC.PARKING_SPOTS(LATITUDE NULLS FIRST, LONGITUDE NULLS FIRST, ENTRY_TIME NULLS FIRST) VALUES ( /* key:8 */ CAST(-23.561684 AS DOUBLE PRECISION), CAST(-46.655981 AS DOUBLE PRECISION), TIMESTAMP '2025-05-29 15:01:30.759897')"; SQL statement:
update parking_spots set entry_time=?,latitude=?,license_plate=?,longitude=?,occupied=?,sector_id=? where id=? [23505-224]
2025-05-29T15:01:30.778-03:00 DEBUG 34184 --- [           main] org.springframework.test.context.cache   : Spring test ApplicationContext cache statistics: [DefaultContextCache@63100783 size = 1, maxSize = 32, parentContextCount = 0, hitCount = 101, missCount = 1, failureCount = 0]
2025-05-29T15:01:30.778-03:00 DEBUG 34184 --- [           main] org.springframework.test.context.cache   : Spring test ApplicationContext cache statistics: [DefaultContextCache@63100783 size = 1, maxSize = 32, parentContextCount = 0, hitCount = 102, missCount = 1, failureCount = 0]
2025-05-29T15:01:30.778-03:00 DEBUG 34184 --- [           main] org.springframework.test.context.cache   : Spring test ApplicationContext cache statistics: [DefaultContextCache@63100783 size = 1, maxSize = 32, parentContextCount = 0, hitCount = 103, missCount = 1, failureCount = 0]
2025-05-29T15:01:30.778-03:00 DEBUG 34184 --- [           main] org.springframework.test.context.cache   : Spring test ApplicationContext cache statistics: [DefaultContextCache@63100783 size = 1, maxSize = 32, parentContextCount = 0, hitCount = 104, missCount = 1, failureCount = 0]
2025-05-29T15:01:30.778-03:00 DEBUG 34184 --- [           main] org.springframework.test.context.cache   : Spring test ApplicationContext cache statistics: [DefaultContextCache@63100783 size = 1, maxSize = 32, parentContextCount = 0, hitCount = 105, missCount = 1, failureCount = 0]
2025-05-29T15:01:30.778-03:00 DEBUG 34184 --- [           main] org.springframework.test.context.cache   : Spring test ApplicationContext cache statistics: [DefaultContextCache@63100783 size = 1, maxSize = 32, parentContextCount = 0, hitCount = 106, missCount = 1, failureCount = 0]
2025-05-29T15:01:30.779-03:00 DEBUG 34184 --- [           main] o.s.orm.jpa.JpaTransactionManager        : Initiating transaction rollback
2025-05-29T15:01:30.779-03:00 DEBUG 34184 --- [           main] o.s.orm.jpa.JpaTransactionManager        : Rolling back JPA transaction on EntityManager [SessionImpl(1831418689<open>)]
2025-05-29T15:01:30.779-03:00 DEBUG 34184 --- [           main] o.s.orm.jpa.JpaTransactionManager        : Closing JPA EntityManager [SessionImpl(1831418689<open>)] after transaction
2025-05-29T15:01:30.780-03:00 DEBUG 34184 --- [           main] o.s.t.c.transaction.TransactionContext   : Rolled back transaction (1) for test class [com.estapar.parking.repository.ParkingSpotRepositoryTest]; test method [shouldNotAllowTwoVehiclesInSameSpotAtSameTime]
2025-05-29T15:01:30.780-03:00 DEBUG 34184 --- [           main] .c.s.DirtiesContextTestExecutionListener : After test method: class [ParkingSpotRepositoryTest], method [shouldNotAllowTwoVehiclesInSameSpotAtSameTime], class annotated with @DirtiesContext [false] with mode [null], method annotated with @DirtiesContext [false] with mode [null]
]]></system-out>
  </testcase>
  <testcase name="findByLicensePlate_ShouldReturnSpotForLicensePlate" classname="com.estapar.parking.repository.ParkingSpotRepositoryTest" time="0.034">
    <system-out><![CDATA[2025-05-29T15:01:30.784-03:00 DEBUG 34184 --- [           main] DependencyInjectionTestExecutionListener : Performing dependency injection for test class com.estapar.parking.repository.ParkingSpotRepositoryTest
2025-05-29T15:01:30.784-03:00 DEBUG 34184 --- [           main] org.springframework.test.context.cache   : Spring test ApplicationContext cache statistics: [DefaultContextCache@63100783 size = 1, maxSize = 32, parentContextCount = 0, hitCount = 107, missCount = 1, failureCount = 0]
2025-05-29T15:01:30.785-03:00 DEBUG 34184 --- [           main] org.springframework.test.context.cache   : Spring test ApplicationContext cache statistics: [DefaultContextCache@63100783 size = 1, maxSize = 32, parentContextCount = 0, hitCount = 108, missCount = 1, failureCount = 0]
2025-05-29T15:01:30.786-03:00 DEBUG 34184 --- [           main] sContextBeforeModesTestExecutionListener : Before test method: class [ParkingSpotRepositoryTest], method [findByLicensePlate_ShouldReturnSpotForLicensePlate], class annotated with @DirtiesContext [false] with mode [null], method annotated with @DirtiesContext [false] with mode [null]
2025-05-29T15:01:30.786-03:00 DEBUG 34184 --- [           main] t.c.t.TransactionalTestExecutionListener : Explicit transaction definition [PROPAGATION_REQUIRED,ISOLATION_DEFAULT] found for test class [com.estapar.parking.repository.ParkingSpotRepositoryTest] and test method [findByLicensePlate_ShouldReturnSpotForLicensePlate]
2025-05-29T15:01:30.786-03:00 DEBUG 34184 --- [           main] org.springframework.test.context.cache   : Spring test ApplicationContext cache statistics: [DefaultContextCache@63100783 size = 1, maxSize = 32, parentContextCount = 0, hitCount = 109, missCount = 1, failureCount = 0]
2025-05-29T15:01:30.786-03:00 DEBUG 34184 --- [           main] t.c.t.TransactionalTestExecutionListener : No method-level @Rollback override: using default rollback [true] for test method [void com.estapar.parking.repository.ParkingSpotRepositoryTest.findByLicensePlate_ShouldReturnSpotForLicensePlate()]
2025-05-29T15:01:30.786-03:00 DEBUG 34184 --- [           main] o.s.orm.jpa.JpaTransactionManager        : Creating new transaction with name [com.estapar.parking.repository.ParkingSpotRepositoryTest.findByLicensePlate_ShouldReturnSpotForLicensePlate]: PROPAGATION_REQUIRED,ISOLATION_DEFAULT
2025-05-29T15:01:30.786-03:00 DEBUG 34184 --- [           main] o.s.orm.jpa.JpaTransactionManager        : Opened new EntityManager [SessionImpl(331361516<open>)] for JPA transaction
2025-05-29T15:01:30.786-03:00 DEBUG 34184 --- [           main] o.s.j.datasource.SimpleDriverDataSource  : Creating new JDBC Driver Connection to [jdbc:h2:mem:f41f4bc9-286b-4f9a-a0e4-95b7879cd638;DB_CLOSE_DELAY=-1;DB_CLOSE_ON_EXIT=false]
2025-05-29T15:01:30.787-03:00 DEBUG 34184 --- [           main] o.s.orm.jpa.JpaTransactionManager        : Exposing JPA transaction as JDBC [org.springframework.orm.jpa.vendor.HibernateJpaDialect$HibernateConnectionHandle@75e81be2]
2025-05-29T15:01:30.787-03:00 DEBUG 34184 --- [           main] o.s.t.c.transaction.TransactionContext   : Began transaction (1) for test class [com.estapar.parking.repository.ParkingSpotRepositoryTest]; test method [findByLicensePlate_ShouldReturnSpotForLicensePlate]; transaction manager [org.springframework.orm.jpa.JpaTransactionManager@3e984100]; rollback [true]
2025-05-29T15:01:30.787-03:00 DEBUG 34184 --- [           main] .s.t.c.j.SqlScriptsTestExecutionListener : Processing merged @SqlConfig attributes for execution phase [BEFORE_TEST_METHOD] and test class [com.estapar.parking.repository.ParkingSpotRepositoryTest]
2025-05-29T15:01:30.787-03:00 DEBUG 34184 --- [           main] org.springframework.test.context.cache   : Spring test ApplicationContext cache statistics: [DefaultContextCache@63100783 size = 1, maxSize = 32, parentContextCount = 0, hitCount = 110, missCount = 1, failureCount = 0]
2025-05-29T15:01:30.787-03:00 DEBUG 34184 --- [           main] .s.t.c.j.SqlScriptsTestExecutionListener : Executing SQL scripts: [class path resource [sql/init.sql]]
2025-05-29T15:01:30.787-03:00 DEBUG 34184 --- [           main] org.springframework.test.context.cache   : Spring test ApplicationContext cache statistics: [DefaultContextCache@63100783 size = 1, maxSize = 32, parentContextCount = 0, hitCount = 111, missCount = 1, failureCount = 0]
2025-05-29T15:01:30.787-03:00 DEBUG 34184 --- [           main] org.springframework.test.context.cache   : Spring test ApplicationContext cache statistics: [DefaultContextCache@63100783 size = 1, maxSize = 32, parentContextCount = 0, hitCount = 112, missCount = 1, failureCount = 0]
2025-05-29T15:01:30.788-03:00 DEBUG 34184 --- [           main] o.s.orm.jpa.JpaTransactionManager        : Found thread-bound EntityManager [SessionImpl(331361516<open>)] for JPA transaction
2025-05-29T15:01:30.788-03:00 DEBUG 34184 --- [           main] o.s.orm.jpa.JpaTransactionManager        : Participating in existing transaction
2025-05-29T15:01:30.788-03:00 DEBUG 34184 --- [           main] o.s.jdbc.datasource.init.ScriptUtils     : Executing SQL script from class path resource [sql/init.sql]
2025-05-29T15:01:30.789-03:00 DEBUG 34184 --- [           main] o.s.jdbc.datasource.init.ScriptUtils     : 0 returned as update count for SQL: DELETE FROM parking_events
2025-05-29T15:01:30.790-03:00 DEBUG 34184 --- [           main] o.s.jdbc.datasource.init.ScriptUtils     : 0 returned as update count for SQL: DELETE FROM parking_spots
2025-05-29T15:01:30.790-03:00 DEBUG 34184 --- [           main] o.s.jdbc.datasource.init.ScriptUtils     : 0 returned as update count for SQL: DELETE FROM garage_sectors
2025-05-29T15:01:30.791-03:00 DEBUG 34184 --- [           main] o.s.jdbc.datasource.init.ScriptUtils     : 3 returned as update count for SQL: INSERT INTO garage_sectors (id, base_price, max_capacity, open_hour, close_hour, duration_limit_minutes, current_occupancy) VALUES ('A1', 10.00, 50, '06:00', '22:00', 120, 0), ('A2', 12.00, 30, '06:00', '22:00', 180, 0), ('B1', 15.00, 20, '06:00', '22:00', 240, 0)
2025-05-29T15:01:30.791-03:00 DEBUG 34184 --- [           main] o.s.jdbc.datasource.init.ScriptUtils     : Executed SQL script from class path resource [sql/init.sql] in 3 ms.
2025-05-29T15:01:30.791-03:00 DEBUG 34184 --- [           main] org.springframework.test.context.cache   : Spring test ApplicationContext cache statistics: [DefaultContextCache@63100783 size = 1, maxSize = 32, parentContextCount = 0, hitCount = 113, missCount = 1, failureCount = 0]
2025-05-29T15:01:30.792-03:00 DEBUG 34184 --- [           main] org.springframework.test.context.cache   : Spring test ApplicationContext cache statistics: [DefaultContextCache@63100783 size = 1, maxSize = 32, parentContextCount = 0, hitCount = 114, missCount = 1, failureCount = 0]
2025-05-29T15:01:30.793-03:00 DEBUG 34184 --- [           main] org.hibernate.SQL                        : 
    delete 
    from
        parking_spots
Hibernate: 
    delete 
    from
        parking_spots
2025-05-29T15:01:30.800-03:00 DEBUG 34184 --- [           main] org.hibernate.SQL                        : 
    insert 
    into
        parking_spots
        (entry_time, latitude, license_plate, longitude, occupied, sector_id) 
    values
        (?, ?, ?, ?, ?, ?)
Hibernate: 
    insert 
    into
        parking_spots
        (entry_time, latitude, license_plate, longitude, occupied, sector_id) 
    values
        (?, ?, ?, ?, ?, ?)
2025-05-29T15:01:30.804-03:00 DEBUG 34184 --- [           main] org.hibernate.SQL                        : 
    insert 
    into
        parking_spots
        (entry_time, latitude, license_plate, longitude, occupied, sector_id) 
    values
        (?, ?, ?, ?, ?, ?)
Hibernate: 
    insert 
    into
        parking_spots
        (entry_time, latitude, license_plate, longitude, occupied, sector_id) 
    values
        (?, ?, ?, ?, ?, ?)
2025-05-29T15:01:30.806-03:00 DEBUG 34184 --- [           main] org.springframework.test.context.cache   : Spring test ApplicationContext cache statistics: [DefaultContextCache@63100783 size = 1, maxSize = 32, parentContextCount = 0, hitCount = 115, missCount = 1, failureCount = 0]
2025-05-29T15:01:30.810-03:00 DEBUG 34184 --- [           main] org.hibernate.SQL                        : 
    select
        ps1_0.id,
        ps1_0.entry_time,
        ps1_0.latitude,
        ps1_0.license_plate,
        ps1_0.longitude,
        ps1_0.occupied,
        ps1_0.sector_id 
    from
        parking_spots ps1_0 
    where
        ps1_0.license_plate=?
Hibernate: 
    select
        ps1_0.id,
        ps1_0.entry_time,
        ps1_0.latitude,
        ps1_0.license_plate,
        ps1_0.longitude,
        ps1_0.occupied,
        ps1_0.sector_id 
    from
        parking_spots ps1_0 
    where
        ps1_0.license_plate=?
2025-05-29T15:01:30.813-03:00 DEBUG 34184 --- [           main] org.springframework.test.context.cache   : Spring test ApplicationContext cache statistics: [DefaultContextCache@63100783 size = 1, maxSize = 32, parentContextCount = 0, hitCount = 116, missCount = 1, failureCount = 0]
2025-05-29T15:01:30.813-03:00 DEBUG 34184 --- [           main] org.springframework.test.context.cache   : Spring test ApplicationContext cache statistics: [DefaultContextCache@63100783 size = 1, maxSize = 32, parentContextCount = 0, hitCount = 117, missCount = 1, failureCount = 0]
2025-05-29T15:01:30.813-03:00 DEBUG 34184 --- [           main] org.springframework.test.context.cache   : Spring test ApplicationContext cache statistics: [DefaultContextCache@63100783 size = 1, maxSize = 32, parentContextCount = 0, hitCount = 118, missCount = 1, failureCount = 0]
2025-05-29T15:01:30.813-03:00 DEBUG 34184 --- [           main] org.springframework.test.context.cache   : Spring test ApplicationContext cache statistics: [DefaultContextCache@63100783 size = 1, maxSize = 32, parentContextCount = 0, hitCount = 119, missCount = 1, failureCount = 0]
2025-05-29T15:01:30.814-03:00 DEBUG 34184 --- [           main] org.springframework.test.context.cache   : Spring test ApplicationContext cache statistics: [DefaultContextCache@63100783 size = 1, maxSize = 32, parentContextCount = 0, hitCount = 120, missCount = 1, failureCount = 0]
2025-05-29T15:01:30.815-03:00 DEBUG 34184 --- [           main] org.springframework.test.context.cache   : Spring test ApplicationContext cache statistics: [DefaultContextCache@63100783 size = 1, maxSize = 32, parentContextCount = 0, hitCount = 121, missCount = 1, failureCount = 0]
2025-05-29T15:01:30.815-03:00 DEBUG 34184 --- [           main] o.s.orm.jpa.JpaTransactionManager        : Initiating transaction rollback
2025-05-29T15:01:30.815-03:00 DEBUG 34184 --- [           main] o.s.orm.jpa.JpaTransactionManager        : Rolling back JPA transaction on EntityManager [SessionImpl(331361516<open>)]
2025-05-29T15:01:30.816-03:00 DEBUG 34184 --- [           main] o.s.orm.jpa.JpaTransactionManager        : Closing JPA EntityManager [SessionImpl(331361516<open>)] after transaction
2025-05-29T15:01:30.819-03:00 DEBUG 34184 --- [           main] o.s.t.c.transaction.TransactionContext   : Rolled back transaction (1) for test class [com.estapar.parking.repository.ParkingSpotRepositoryTest]; test method [findByLicensePlate_ShouldReturnSpotForLicensePlate]
2025-05-29T15:01:30.819-03:00 DEBUG 34184 --- [           main] .c.s.DirtiesContextTestExecutionListener : After test method: class [ParkingSpotRepositoryTest], method [findByLicensePlate_ShouldReturnSpotForLicensePlate], class annotated with @DirtiesContext [false] with mode [null], method annotated with @DirtiesContext [false] with mode [null]
]]></system-out>
  </testcase>
  <testcase name="findByLicensePlate_ShouldReturnEmptyForNonExistentLicensePlate" classname="com.estapar.parking.repository.ParkingSpotRepositoryTest" time="0.02">
    <system-out><![CDATA[2025-05-29T15:01:30.819-03:00 DEBUG 34184 --- [           main] DependencyInjectionTestExecutionListener : Performing dependency injection for test class com.estapar.parking.repository.ParkingSpotRepositoryTest
2025-05-29T15:01:30.820-03:00 DEBUG 34184 --- [           main] org.springframework.test.context.cache   : Spring test ApplicationContext cache statistics: [DefaultContextCache@63100783 size = 1, maxSize = 32, parentContextCount = 0, hitCount = 122, missCount = 1, failureCount = 0]
2025-05-29T15:01:30.821-03:00 DEBUG 34184 --- [           main] org.springframework.test.context.cache   : Spring test ApplicationContext cache statistics: [DefaultContextCache@63100783 size = 1, maxSize = 32, parentContextCount = 0, hitCount = 123, missCount = 1, failureCount = 0]
2025-05-29T15:01:30.822-03:00 DEBUG 34184 --- [           main] sContextBeforeModesTestExecutionListener : Before test method: class [ParkingSpotRepositoryTest], method [findByLicensePlate_ShouldReturnEmptyForNonExistentLicensePlate], class annotated with @DirtiesContext [false] with mode [null], method annotated with @DirtiesContext [false] with mode [null]
2025-05-29T15:01:30.823-03:00 DEBUG 34184 --- [           main] t.c.t.TransactionalTestExecutionListener : Explicit transaction definition [PROPAGATION_REQUIRED,ISOLATION_DEFAULT] found for test class [com.estapar.parking.repository.ParkingSpotRepositoryTest] and test method [findByLicensePlate_ShouldReturnEmptyForNonExistentLicensePlate]
2025-05-29T15:01:30.823-03:00 DEBUG 34184 --- [           main] org.springframework.test.context.cache   : Spring test ApplicationContext cache statistics: [DefaultContextCache@63100783 size = 1, maxSize = 32, parentContextCount = 0, hitCount = 124, missCount = 1, failureCount = 0]
2025-05-29T15:01:30.823-03:00 DEBUG 34184 --- [           main] t.c.t.TransactionalTestExecutionListener : No method-level @Rollback override: using default rollback [true] for test method [void com.estapar.parking.repository.ParkingSpotRepositoryTest.findByLicensePlate_ShouldReturnEmptyForNonExistentLicensePlate()]
2025-05-29T15:01:30.823-03:00 DEBUG 34184 --- [           main] o.s.orm.jpa.JpaTransactionManager        : Creating new transaction with name [com.estapar.parking.repository.ParkingSpotRepositoryTest.findByLicensePlate_ShouldReturnEmptyForNonExistentLicensePlate]: PROPAGATION_REQUIRED,ISOLATION_DEFAULT
2025-05-29T15:01:30.823-03:00 DEBUG 34184 --- [           main] o.s.orm.jpa.JpaTransactionManager        : Opened new EntityManager [SessionImpl(1268289547<open>)] for JPA transaction
2025-05-29T15:01:30.823-03:00 DEBUG 34184 --- [           main] o.s.j.datasource.SimpleDriverDataSource  : Creating new JDBC Driver Connection to [jdbc:h2:mem:f41f4bc9-286b-4f9a-a0e4-95b7879cd638;DB_CLOSE_DELAY=-1;DB_CLOSE_ON_EXIT=false]
2025-05-29T15:01:30.824-03:00 DEBUG 34184 --- [           main] o.s.orm.jpa.JpaTransactionManager        : Exposing JPA transaction as JDBC [org.springframework.orm.jpa.vendor.HibernateJpaDialect$HibernateConnectionHandle@78d816e6]
2025-05-29T15:01:30.824-03:00 DEBUG 34184 --- [           main] o.s.t.c.transaction.TransactionContext   : Began transaction (1) for test class [com.estapar.parking.repository.ParkingSpotRepositoryTest]; test method [findByLicensePlate_ShouldReturnEmptyForNonExistentLicensePlate]; transaction manager [org.springframework.orm.jpa.JpaTransactionManager@3e984100]; rollback [true]
2025-05-29T15:01:30.824-03:00 DEBUG 34184 --- [           main] .s.t.c.j.SqlScriptsTestExecutionListener : Processing merged @SqlConfig attributes for execution phase [BEFORE_TEST_METHOD] and test class [com.estapar.parking.repository.ParkingSpotRepositoryTest]
2025-05-29T15:01:30.824-03:00 DEBUG 34184 --- [           main] org.springframework.test.context.cache   : Spring test ApplicationContext cache statistics: [DefaultContextCache@63100783 size = 1, maxSize = 32, parentContextCount = 0, hitCount = 125, missCount = 1, failureCount = 0]
2025-05-29T15:01:30.824-03:00 DEBUG 34184 --- [           main] .s.t.c.j.SqlScriptsTestExecutionListener : Executing SQL scripts: [class path resource [sql/init.sql]]
2025-05-29T15:01:30.824-03:00 DEBUG 34184 --- [           main] org.springframework.test.context.cache   : Spring test ApplicationContext cache statistics: [DefaultContextCache@63100783 size = 1, maxSize = 32, parentContextCount = 0, hitCount = 126, missCount = 1, failureCount = 0]
2025-05-29T15:01:30.824-03:00 DEBUG 34184 --- [           main] org.springframework.test.context.cache   : Spring test ApplicationContext cache statistics: [DefaultContextCache@63100783 size = 1, maxSize = 32, parentContextCount = 0, hitCount = 127, missCount = 1, failureCount = 0]
2025-05-29T15:01:30.826-03:00 DEBUG 34184 --- [           main] o.s.orm.jpa.JpaTransactionManager        : Found thread-bound EntityManager [SessionImpl(1268289547<open>)] for JPA transaction
2025-05-29T15:01:30.826-03:00 DEBUG 34184 --- [           main] o.s.orm.jpa.JpaTransactionManager        : Participating in existing transaction
2025-05-29T15:01:30.826-03:00 DEBUG 34184 --- [           main] o.s.jdbc.datasource.init.ScriptUtils     : Executing SQL script from class path resource [sql/init.sql]
2025-05-29T15:01:30.826-03:00 DEBUG 34184 --- [           main] o.s.jdbc.datasource.init.ScriptUtils     : 0 returned as update count for SQL: DELETE FROM parking_events
2025-05-29T15:01:30.826-03:00 DEBUG 34184 --- [           main] o.s.jdbc.datasource.init.ScriptUtils     : 0 returned as update count for SQL: DELETE FROM parking_spots
2025-05-29T15:01:30.826-03:00 DEBUG 34184 --- [           main] o.s.jdbc.datasource.init.ScriptUtils     : 0 returned as update count for SQL: DELETE FROM garage_sectors
2025-05-29T15:01:30.827-03:00 DEBUG 34184 --- [           main] o.s.jdbc.datasource.init.ScriptUtils     : 3 returned as update count for SQL: INSERT INTO garage_sectors (id, base_price, max_capacity, open_hour, close_hour, duration_limit_minutes, current_occupancy) VALUES ('A1', 10.00, 50, '06:00', '22:00', 120, 0), ('A2', 12.00, 30, '06:00', '22:00', 180, 0), ('B1', 15.00, 20, '06:00', '22:00', 240, 0)
2025-05-29T15:01:30.827-03:00 DEBUG 34184 --- [           main] o.s.jdbc.datasource.init.ScriptUtils     : Executed SQL script from class path resource [sql/init.sql] in 1 ms.
2025-05-29T15:01:30.828-03:00 DEBUG 34184 --- [           main] org.springframework.test.context.cache   : Spring test ApplicationContext cache statistics: [DefaultContextCache@63100783 size = 1, maxSize = 32, parentContextCount = 0, hitCount = 128, missCount = 1, failureCount = 0]
2025-05-29T15:01:30.828-03:00 DEBUG 34184 --- [           main] org.springframework.test.context.cache   : Spring test ApplicationContext cache statistics: [DefaultContextCache@63100783 size = 1, maxSize = 32, parentContextCount = 0, hitCount = 129, missCount = 1, failureCount = 0]
2025-05-29T15:01:30.828-03:00 DEBUG 34184 --- [           main] org.hibernate.SQL                        : 
    delete 
    from
        parking_spots
Hibernate: 
    delete 
    from
        parking_spots
2025-05-29T15:01:30.830-03:00 DEBUG 34184 --- [           main] org.hibernate.SQL                        : 
    insert 
    into
        parking_spots
        (entry_time, latitude, license_plate, longitude, occupied, sector_id) 
    values
        (?, ?, ?, ?, ?, ?)
Hibernate: 
    insert 
    into
        parking_spots
        (entry_time, latitude, license_plate, longitude, occupied, sector_id) 
    values
        (?, ?, ?, ?, ?, ?)
2025-05-29T15:01:30.832-03:00 DEBUG 34184 --- [           main] org.hibernate.SQL                        : 
    insert 
    into
        parking_spots
        (entry_time, latitude, license_plate, longitude, occupied, sector_id) 
    values
        (?, ?, ?, ?, ?, ?)
Hibernate: 
    insert 
    into
        parking_spots
        (entry_time, latitude, license_plate, longitude, occupied, sector_id) 
    values
        (?, ?, ?, ?, ?, ?)
2025-05-29T15:01:30.834-03:00 DEBUG 34184 --- [           main] org.springframework.test.context.cache   : Spring test ApplicationContext cache statistics: [DefaultContextCache@63100783 size = 1, maxSize = 32, parentContextCount = 0, hitCount = 130, missCount = 1, failureCount = 0]
2025-05-29T15:01:30.837-03:00 DEBUG 34184 --- [           main] org.hibernate.SQL                        : 
    select
        ps1_0.id,
        ps1_0.entry_time,
        ps1_0.latitude,
        ps1_0.license_plate,
        ps1_0.longitude,
        ps1_0.occupied,
        ps1_0.sector_id 
    from
        parking_spots ps1_0 
    where
        ps1_0.license_plate=?
Hibernate: 
    select
        ps1_0.id,
        ps1_0.entry_time,
        ps1_0.latitude,
        ps1_0.license_plate,
        ps1_0.longitude,
        ps1_0.occupied,
        ps1_0.sector_id 
    from
        parking_spots ps1_0 
    where
        ps1_0.license_plate=?
2025-05-29T15:01:30.839-03:00 DEBUG 34184 --- [           main] org.springframework.test.context.cache   : Spring test ApplicationContext cache statistics: [DefaultContextCache@63100783 size = 1, maxSize = 32, parentContextCount = 0, hitCount = 131, missCount = 1, failureCount = 0]
2025-05-29T15:01:30.839-03:00 DEBUG 34184 --- [           main] org.springframework.test.context.cache   : Spring test ApplicationContext cache statistics: [DefaultContextCache@63100783 size = 1, maxSize = 32, parentContextCount = 0, hitCount = 132, missCount = 1, failureCount = 0]
2025-05-29T15:01:30.839-03:00 DEBUG 34184 --- [           main] org.springframework.test.context.cache   : Spring test ApplicationContext cache statistics: [DefaultContextCache@63100783 size = 1, maxSize = 32, parentContextCount = 0, hitCount = 133, missCount = 1, failureCount = 0]
2025-05-29T15:01:30.839-03:00 DEBUG 34184 --- [           main] org.springframework.test.context.cache   : Spring test ApplicationContext cache statistics: [DefaultContextCache@63100783 size = 1, maxSize = 32, parentContextCount = 0, hitCount = 134, missCount = 1, failureCount = 0]
2025-05-29T15:01:30.839-03:00 DEBUG 34184 --- [           main] org.springframework.test.context.cache   : Spring test ApplicationContext cache statistics: [DefaultContextCache@63100783 size = 1, maxSize = 32, parentContextCount = 0, hitCount = 135, missCount = 1, failureCount = 0]
2025-05-29T15:01:30.840-03:00 DEBUG 34184 --- [           main] org.springframework.test.context.cache   : Spring test ApplicationContext cache statistics: [DefaultContextCache@63100783 size = 1, maxSize = 32, parentContextCount = 0, hitCount = 136, missCount = 1, failureCount = 0]
2025-05-29T15:01:30.840-03:00 DEBUG 34184 --- [           main] o.s.orm.jpa.JpaTransactionManager        : Initiating transaction rollback
2025-05-29T15:01:30.840-03:00 DEBUG 34184 --- [           main] o.s.orm.jpa.JpaTransactionManager        : Rolling back JPA transaction on EntityManager [SessionImpl(1268289547<open>)]
2025-05-29T15:01:30.840-03:00 DEBUG 34184 --- [           main] o.s.orm.jpa.JpaTransactionManager        : Closing JPA EntityManager [SessionImpl(1268289547<open>)] after transaction
2025-05-29T15:01:30.841-03:00 DEBUG 34184 --- [           main] o.s.t.c.transaction.TransactionContext   : Rolled back transaction (1) for test class [com.estapar.parking.repository.ParkingSpotRepositoryTest]; test method [findByLicensePlate_ShouldReturnEmptyForNonExistentLicensePlate]
2025-05-29T15:01:30.841-03:00 DEBUG 34184 --- [           main] .c.s.DirtiesContextTestExecutionListener : After test method: class [ParkingSpotRepositoryTest], method [findByLicensePlate_ShouldReturnEmptyForNonExistentLicensePlate], class annotated with @DirtiesContext [false] with mode [null], method annotated with @DirtiesContext [false] with mode [null]
]]></system-out>
  </testcase>
  <testcase name="findByLatitudeAndLongitude_ShouldReturnCorrectSpot" classname="com.estapar.parking.repository.ParkingSpotRepositoryTest" time="0.034">
    <system-out><![CDATA[2025-05-29T15:01:30.844-03:00 DEBUG 34184 --- [           main] DependencyInjectionTestExecutionListener : Performing dependency injection for test class com.estapar.parking.repository.ParkingSpotRepositoryTest
2025-05-29T15:01:30.844-03:00 DEBUG 34184 --- [           main] org.springframework.test.context.cache   : Spring test ApplicationContext cache statistics: [DefaultContextCache@63100783 size = 1, maxSize = 32, parentContextCount = 0, hitCount = 137, missCount = 1, failureCount = 0]
2025-05-29T15:01:30.844-03:00 DEBUG 34184 --- [           main] org.springframework.test.context.cache   : Spring test ApplicationContext cache statistics: [DefaultContextCache@63100783 size = 1, maxSize = 32, parentContextCount = 0, hitCount = 138, missCount = 1, failureCount = 0]
2025-05-29T15:01:30.846-03:00 DEBUG 34184 --- [           main] sContextBeforeModesTestExecutionListener : Before test method: class [ParkingSpotRepositoryTest], method [findByLatitudeAndLongitude_ShouldReturnCorrectSpot], class annotated with @DirtiesContext [false] with mode [null], method annotated with @DirtiesContext [false] with mode [null]
2025-05-29T15:01:30.847-03:00 DEBUG 34184 --- [           main] t.c.t.TransactionalTestExecutionListener : Explicit transaction definition [PROPAGATION_REQUIRED,ISOLATION_DEFAULT] found for test class [com.estapar.parking.repository.ParkingSpotRepositoryTest] and test method [findByLatitudeAndLongitude_ShouldReturnCorrectSpot]
2025-05-29T15:01:30.848-03:00 DEBUG 34184 --- [           main] org.springframework.test.context.cache   : Spring test ApplicationContext cache statistics: [DefaultContextCache@63100783 size = 1, maxSize = 32, parentContextCount = 0, hitCount = 139, missCount = 1, failureCount = 0]
2025-05-29T15:01:30.848-03:00 DEBUG 34184 --- [           main] t.c.t.TransactionalTestExecutionListener : No method-level @Rollback override: using default rollback [true] for test method [void com.estapar.parking.repository.ParkingSpotRepositoryTest.findByLatitudeAndLongitude_ShouldReturnCorrectSpot()]
2025-05-29T15:01:30.848-03:00 DEBUG 34184 --- [           main] o.s.orm.jpa.JpaTransactionManager        : Creating new transaction with name [com.estapar.parking.repository.ParkingSpotRepositoryTest.findByLatitudeAndLongitude_ShouldReturnCorrectSpot]: PROPAGATION_REQUIRED,ISOLATION_DEFAULT
2025-05-29T15:01:30.849-03:00 DEBUG 34184 --- [           main] o.s.orm.jpa.JpaTransactionManager        : Opened new EntityManager [SessionImpl(987449013<open>)] for JPA transaction
2025-05-29T15:01:30.849-03:00 DEBUG 34184 --- [           main] o.s.j.datasource.SimpleDriverDataSource  : Creating new JDBC Driver Connection to [jdbc:h2:mem:f41f4bc9-286b-4f9a-a0e4-95b7879cd638;DB_CLOSE_DELAY=-1;DB_CLOSE_ON_EXIT=false]
2025-05-29T15:01:30.850-03:00 DEBUG 34184 --- [           main] o.s.orm.jpa.JpaTransactionManager        : Exposing JPA transaction as JDBC [org.springframework.orm.jpa.vendor.HibernateJpaDialect$HibernateConnectionHandle@6dbf042]
2025-05-29T15:01:30.850-03:00 DEBUG 34184 --- [           main] o.s.t.c.transaction.TransactionContext   : Began transaction (1) for test class [com.estapar.parking.repository.ParkingSpotRepositoryTest]; test method [findByLatitudeAndLongitude_ShouldReturnCorrectSpot]; transaction manager [org.springframework.orm.jpa.JpaTransactionManager@3e984100]; rollback [true]
2025-05-29T15:01:30.850-03:00 DEBUG 34184 --- [           main] .s.t.c.j.SqlScriptsTestExecutionListener : Processing merged @SqlConfig attributes for execution phase [BEFORE_TEST_METHOD] and test class [com.estapar.parking.repository.ParkingSpotRepositoryTest]
2025-05-29T15:01:30.851-03:00 DEBUG 34184 --- [           main] org.springframework.test.context.cache   : Spring test ApplicationContext cache statistics: [DefaultContextCache@63100783 size = 1, maxSize = 32, parentContextCount = 0, hitCount = 140, missCount = 1, failureCount = 0]
2025-05-29T15:01:30.851-03:00 DEBUG 34184 --- [           main] .s.t.c.j.SqlScriptsTestExecutionListener : Executing SQL scripts: [class path resource [sql/init.sql]]
2025-05-29T15:01:30.851-03:00 DEBUG 34184 --- [           main] org.springframework.test.context.cache   : Spring test ApplicationContext cache statistics: [DefaultContextCache@63100783 size = 1, maxSize = 32, parentContextCount = 0, hitCount = 141, missCount = 1, failureCount = 0]
2025-05-29T15:01:30.852-03:00 DEBUG 34184 --- [           main] org.springframework.test.context.cache   : Spring test ApplicationContext cache statistics: [DefaultContextCache@63100783 size = 1, maxSize = 32, parentContextCount = 0, hitCount = 142, missCount = 1, failureCount = 0]
2025-05-29T15:01:30.852-03:00 DEBUG 34184 --- [           main] o.s.orm.jpa.JpaTransactionManager        : Found thread-bound EntityManager [SessionImpl(987449013<open>)] for JPA transaction
2025-05-29T15:01:30.852-03:00 DEBUG 34184 --- [           main] o.s.orm.jpa.JpaTransactionManager        : Participating in existing transaction
2025-05-29T15:01:30.852-03:00 DEBUG 34184 --- [           main] o.s.jdbc.datasource.init.ScriptUtils     : Executing SQL script from class path resource [sql/init.sql]
2025-05-29T15:01:30.853-03:00 DEBUG 34184 --- [           main] o.s.jdbc.datasource.init.ScriptUtils     : 0 returned as update count for SQL: DELETE FROM parking_events
2025-05-29T15:01:30.855-03:00 DEBUG 34184 --- [           main] o.s.jdbc.datasource.init.ScriptUtils     : 0 returned as update count for SQL: DELETE FROM parking_spots
2025-05-29T15:01:30.855-03:00 DEBUG 34184 --- [           main] o.s.jdbc.datasource.init.ScriptUtils     : 0 returned as update count for SQL: DELETE FROM garage_sectors
2025-05-29T15:01:30.856-03:00 DEBUG 34184 --- [           main] o.s.jdbc.datasource.init.ScriptUtils     : 3 returned as update count for SQL: INSERT INTO garage_sectors (id, base_price, max_capacity, open_hour, close_hour, duration_limit_minutes, current_occupancy) VALUES ('A1', 10.00, 50, '06:00', '22:00', 120, 0), ('A2', 12.00, 30, '06:00', '22:00', 180, 0), ('B1', 15.00, 20, '06:00', '22:00', 240, 0)
2025-05-29T15:01:30.856-03:00 DEBUG 34184 --- [           main] o.s.jdbc.datasource.init.ScriptUtils     : Executed SQL script from class path resource [sql/init.sql] in 4 ms.
2025-05-29T15:01:30.856-03:00 DEBUG 34184 --- [           main] org.springframework.test.context.cache   : Spring test ApplicationContext cache statistics: [DefaultContextCache@63100783 size = 1, maxSize = 32, parentContextCount = 0, hitCount = 143, missCount = 1, failureCount = 0]
2025-05-29T15:01:30.857-03:00 DEBUG 34184 --- [           main] org.springframework.test.context.cache   : Spring test ApplicationContext cache statistics: [DefaultContextCache@63100783 size = 1, maxSize = 32, parentContextCount = 0, hitCount = 144, missCount = 1, failureCount = 0]
2025-05-29T15:01:30.859-03:00 DEBUG 34184 --- [           main] org.hibernate.SQL                        : 
    delete 
    from
        parking_spots
Hibernate: 
    delete 
    from
        parking_spots
2025-05-29T15:01:30.861-03:00 DEBUG 34184 --- [           main] org.hibernate.SQL                        : 
    insert 
    into
        parking_spots
        (entry_time, latitude, license_plate, longitude, occupied, sector_id) 
    values
        (?, ?, ?, ?, ?, ?)
Hibernate: 
    insert 
    into
        parking_spots
        (entry_time, latitude, license_plate, longitude, occupied, sector_id) 
    values
        (?, ?, ?, ?, ?, ?)
2025-05-29T15:01:30.863-03:00 DEBUG 34184 --- [           main] org.hibernate.SQL                        : 
    insert 
    into
        parking_spots
        (entry_time, latitude, license_plate, longitude, occupied, sector_id) 
    values
        (?, ?, ?, ?, ?, ?)
Hibernate: 
    insert 
    into
        parking_spots
        (entry_time, latitude, license_plate, longitude, occupied, sector_id) 
    values
        (?, ?, ?, ?, ?, ?)
2025-05-29T15:01:30.865-03:00 DEBUG 34184 --- [           main] org.springframework.test.context.cache   : Spring test ApplicationContext cache statistics: [DefaultContextCache@63100783 size = 1, maxSize = 32, parentContextCount = 0, hitCount = 145, missCount = 1, failureCount = 0]
2025-05-29T15:01:30.869-03:00 DEBUG 34184 --- [           main] org.hibernate.SQL                        : 
    select
        ps1_0.id,
        ps1_0.entry_time,
        ps1_0.latitude,
        ps1_0.license_plate,
        ps1_0.longitude,
        ps1_0.occupied,
        ps1_0.sector_id 
    from
        parking_spots ps1_0 
    where
        ps1_0.latitude=? 
        and ps1_0.longitude=?
Hibernate: 
    select
        ps1_0.id,
        ps1_0.entry_time,
        ps1_0.latitude,
        ps1_0.license_plate,
        ps1_0.longitude,
        ps1_0.occupied,
        ps1_0.sector_id 
    from
        parking_spots ps1_0 
    where
        ps1_0.latitude=? 
        and ps1_0.longitude=?
2025-05-29T15:01:30.871-03:00 DEBUG 34184 --- [           main] org.springframework.test.context.cache   : Spring test ApplicationContext cache statistics: [DefaultContextCache@63100783 size = 1, maxSize = 32, parentContextCount = 0, hitCount = 146, missCount = 1, failureCount = 0]
2025-05-29T15:01:30.871-03:00 DEBUG 34184 --- [           main] org.springframework.test.context.cache   : Spring test ApplicationContext cache statistics: [DefaultContextCache@63100783 size = 1, maxSize = 32, parentContextCount = 0, hitCount = 147, missCount = 1, failureCount = 0]
2025-05-29T15:01:30.871-03:00 DEBUG 34184 --- [           main] org.springframework.test.context.cache   : Spring test ApplicationContext cache statistics: [DefaultContextCache@63100783 size = 1, maxSize = 32, parentContextCount = 0, hitCount = 148, missCount = 1, failureCount = 0]
2025-05-29T15:01:30.872-03:00 DEBUG 34184 --- [           main] org.springframework.test.context.cache   : Spring test ApplicationContext cache statistics: [DefaultContextCache@63100783 size = 1, maxSize = 32, parentContextCount = 0, hitCount = 149, missCount = 1, failureCount = 0]
2025-05-29T15:01:30.873-03:00 DEBUG 34184 --- [           main] org.springframework.test.context.cache   : Spring test ApplicationContext cache statistics: [DefaultContextCache@63100783 size = 1, maxSize = 32, parentContextCount = 0, hitCount = 150, missCount = 1, failureCount = 0]
2025-05-29T15:01:30.874-03:00 DEBUG 34184 --- [           main] org.springframework.test.context.cache   : Spring test ApplicationContext cache statistics: [DefaultContextCache@63100783 size = 1, maxSize = 32, parentContextCount = 0, hitCount = 151, missCount = 1, failureCount = 0]
2025-05-29T15:01:30.874-03:00 DEBUG 34184 --- [           main] o.s.orm.jpa.JpaTransactionManager        : Initiating transaction rollback
2025-05-29T15:01:30.875-03:00 DEBUG 34184 --- [           main] o.s.orm.jpa.JpaTransactionManager        : Rolling back JPA transaction on EntityManager [SessionImpl(987449013<open>)]
2025-05-29T15:01:30.876-03:00 DEBUG 34184 --- [           main] o.s.orm.jpa.JpaTransactionManager        : Closing JPA EntityManager [SessionImpl(987449013<open>)] after transaction
2025-05-29T15:01:30.878-03:00 DEBUG 34184 --- [           main] o.s.t.c.transaction.TransactionContext   : Rolled back transaction (1) for test class [com.estapar.parking.repository.ParkingSpotRepositoryTest]; test method [findByLatitudeAndLongitude_ShouldReturnCorrectSpot]
2025-05-29T15:01:30.878-03:00 DEBUG 34184 --- [           main] .c.s.DirtiesContextTestExecutionListener : After test method: class [ParkingSpotRepositoryTest], method [findByLatitudeAndLongitude_ShouldReturnCorrectSpot], class annotated with @DirtiesContext [false] with mode [null], method annotated with @DirtiesContext [false] with mode [null]
]]></system-out>
  </testcase>
</testsuite>